#
# A fatal error has been detected by the Java Runtime Environment:
#
#  EXCEPTION_ACCESS_VIOLATION (0xc0000005) at pc=0x00007ffdf7f5d850, pid=13560, tid=8512
#
# JRE version: OpenJDK Runtime Environment Temurin-21.0.1+12 (21.0.1+12) (build 21.0.1+12-LTS)
# Java VM: OpenJDK 64-Bit Server VM Temurin-21.0.1+12 (21.0.1+12-LTS, mixed mode, emulated-client, sharing, tiered, compressed oops, compressed class ptrs, g1 gc, windows-amd64)
# Problematic frame:
# V  [jvm.dll+0x25d850]
#
# No core dump will be written. Minidumps are not enabled by default on client versions of Windows
#
# If you would like to submit a bug report, please visit:
#   https://github.com/adoptium/adoptium-support/issues
#

---------------  S U M M A R Y ------------

Command Line: -Dcom.sun.management.jmxremote -Dcom.sun.management.jmxremote.port=51405 -Dcom.sun.management.jmxremote.authenticate=false -Dcom.sun.management.jmxremote.ssl=false -Djava.rmi.server.hostname=localhost -Dspring.jmx.enabled=true -Dmanagement.endpoints.jmx.exposure.include=* -Dspring.application.admin.enabled=true -XX:TieredStopAtLevel=1 -Dspring.boot.project.name=TrainingApplication -Dfile.encoding=UTF-8 -Dstdout.encoding=UTF-8 -Dstderr.encoding=UTF-8 -XX:+ShowCodeDetailsInExceptionMessages com.example.TrainingApplication --spring.output.ansi.enabled=always

Host: 11th Gen Intel(R) Core(TM) i5-1135G7 @ 2.40GHz, 8 cores, 7G,  Windows 11 , 64 bit Build 26100 (10.0.26100.2161)
Time: Tue Nov 12 13:34:01 2024  Windows 11 , 64 bit Build 26100 (10.0.26100.2161) elapsed time: 11688.200022 seconds (0d 3h 14m 48s)

---------------  T H R E A D  ---------------

Current thread (0x00000227eacccef0):  WorkerThread "GC Thread#0"    [id=8512, stack(0x000000dab5f00000,0x000000dab6000000) (1024K)]

Stack: [0x000000dab5f00000,0x000000dab6000000],  sp=0x000000dab5fff8e0,  free space=1022k
Native frames: (J=compiled Java code, j=interpreted, Vv=VM code, C=native code)
V  [jvm.dll+0x25d850]
V  [jvm.dll+0x25e773]
V  [jvm.dll+0x69b17b]
V  [jvm.dll+0x6d47a3]
V  [jvm.dll+0x356b03]
V  [jvm.dll+0x8cf277]
V  [jvm.dll+0x84af3b]
V  [jvm.dll+0x6c5ebd]
C  [ucrtbase.dll+0x14ea0]
C  [KERNEL32.DLL+0x2dbe7]
C  [ntdll.dll+0xdfbec]


siginfo: EXCEPTION_ACCESS_VIOLATION (0xc0000005), reading address 0x0000005ea8d600ff


Registers:
RAX=0x0000005ea8d600ff, RBX=0x0000005ea8d600ff, RCX=0x0000000000000000, RDX=0x00000227f479aecd
RSP=0x000000dab5fff8e0, RBP=0x000000dab5fff999, RSI=0x00000227f479a310, RDI=0x00000227eac85ae0
R8 =0x00000227f495aede, R9 =0x00000227ea380000, R10=0x00000227f3330000, R11=0x00000227f479ab5a
R12=0x0000000000000000, R13=0x00000227eacdf980, R14=0x00000227eac87030, R15=0x00000227eac85a00
RIP=0x00007ffdf7f5d850, EFLAGS=0x0000000000010206


Register to memory mapping:

RAX=0x0000005ea8d600ff is an unknown value
RBX=0x0000005ea8d600ff is an unknown value
RCX=0x0 is null
RDX=0x00000227f479aecd is at entry_point+941 in (nmethod*)0x00000227f479a310
Compiled method (c1) 11688215 18539   !   1       org.springframework.beans.AbstractNestablePropertyAccessor::getPropertyValue (688 bytes)
 total in heap  [0x00000227f479a310,0x00000227f47a1728] = 29720
 relocation     [0x00000227f479a470,0x00000227f479ab10] = 1696
 main code      [0x00000227f479ab20,0x00000227f479d5c8] = 10920
 stub code      [0x00000227f479d5c8,0x00000227f479da40] = 1144
 oops           [0x00000227f479da40,0x00000227f479da68] = 40
 metadata       [0x00000227f479da68,0x00000227f479dbe0] = 376
 scopes data    [0x00000227f479dbe0,0x00000227f479ef78] = 5016
 scopes pcs     [0x00000227f479ef78,0x00000227f479fb28] = 2992
 dependencies   [0x00000227f479fb28,0x00000227f479fb70] = 72
 handler table  [0x00000227f479fb70,0x00000227f47a1628] = 6840
 nul chk table  [0x00000227f47a1628,0x00000227f47a1728] = 256
RSP=0x000000dab5fff8e0 points into unknown readable memory: 0x00007ffdf86ff028 | 28 f0 6f f8 fd 7f 00 00
RBP=0x000000dab5fff999 points into unknown readable memory: 68 70 f8 fd 7f 00 00
RSI=0x00000227f479a310 is at entry_point+-2064 in (nmethod*)0x00000227f479a310
Compiled method (c1) 11688220 18539   !   1       org.springframework.beans.AbstractNestablePropertyAccessor::getPropertyValue (688 bytes)
 total in heap  [0x00000227f479a310,0x00000227f47a1728] = 29720
 relocation     [0x00000227f479a470,0x00000227f479ab10] = 1696
 main code      [0x00000227f479ab20,0x00000227f479d5c8] = 10920
 stub code      [0x00000227f479d5c8,0x00000227f479da40] = 1144
 oops           [0x00000227f479da40,0x00000227f479da68] = 40
 metadata       [0x00000227f479da68,0x00000227f479dbe0] = 376
 scopes data    [0x00000227f479dbe0,0x00000227f479ef78] = 5016
 scopes pcs     [0x00000227f479ef78,0x00000227f479fb28] = 2992
 dependencies   [0x00000227f479fb28,0x00000227f479fb70] = 72
 handler table  [0x00000227f479fb70,0x00000227f47a1628] = 6840
 nul chk table  [0x00000227f47a1628,0x00000227f47a1728] = 256
RDI=0x00000227eac85ae0 points into unknown readable memory: 0x00000227eac85b00 | 00 5b c8 ea 27 02 00 00
R8 =0x00000227f495aede points into unknown readable memory: 02 00
R9 =0x00000227ea380000 points into unknown readable memory: 0x0100050403020100 | 00 01 02 03 04 05 00 01
R10=0x00000227f3330000 points into unknown readable memory: 0x0000000000000006 | 06 00 00 00 00 00 00 00
R11=0x00000227f479ab5a is at entry_point+58 in (nmethod*)0x00000227f479a310
Compiled method (c1) 11688229 18539   !   1       org.springframework.beans.AbstractNestablePropertyAccessor::getPropertyValue (688 bytes)
 total in heap  [0x00000227f479a310,0x00000227f47a1728] = 29720
 relocation     [0x00000227f479a470,0x00000227f479ab10] = 1696
 main code      [0x00000227f479ab20,0x00000227f479d5c8] = 10920
 stub code      [0x00000227f479d5c8,0x00000227f479da40] = 1144
 oops           [0x00000227f479da40,0x00000227f479da68] = 40
 metadata       [0x00000227f479da68,0x00000227f479dbe0] = 376
 scopes data    [0x00000227f479dbe0,0x00000227f479ef78] = 5016
 scopes pcs     [0x00000227f479ef78,0x00000227f479fb28] = 2992
 dependencies   [0x00000227f479fb28,0x00000227f479fb70] = 72
 handler table  [0x00000227f479fb70,0x00000227f47a1628] = 6840
 nul chk table  [0x00000227f47a1628,0x00000227f47a1728] = 256
R12=0x0 is null
R13=0x00000227eacdf980 points into unknown readable memory: 0x0000000000000000 | 00 00 00 00 00 00 00 00
R14=0x00000227eac87030 points into unknown readable memory: 0x0000000000000002 | 02 00 00 00 00 00 00 00
R15=0x00000227eac85a00 points into unknown readable memory: 0x0000000000000000 | 00 00 00 00 00 00 00 00

Top of Stack: (sp=0x000000dab5fff8e0)
0x000000dab5fff8e0:   00007ffdf86ff028 00000227f479a310
0x000000dab5fff8f0:   00000227f479a310 0000000000000000
0x000000dab5fff900:   00000227eacc0001 00000227eac85a10
0x000000dab5fff910:   00000000000003d8 00000227eac85a20
0x000000dab5fff920:   00000227eac85df8 0000000000000000
0x000000dab5fff930:   00000227f479a49c 00000227f479ab10
0x000000dab5fff940:   00000227f479a310 00000227f479aed7
0x000000dab5fff950:   000000000000000a 000000dab5fff950
0x000000dab5fff960:   000079331f640001 00000227f479ab20
0x000000dab5fff970:   00000227f479ab20 00000227f479d5c8
0x000000dab5fff980:   00000227f479ab20 00000227f479d5c8
0x000000dab5fff990:   00000227f479da40 00007ffdf87068b0
0x000000dab5fff9a0:   000000dab5fff928 00007ffd00000002
0x000000dab5fff9b0:   00000227f479aecd 0000022700000000
0x000000dab5fff9c0:   000079331f648ecb 00007ffdf839bc01
0x000000dab5fff9d0:   00000227eac85a10 00000227eac87030
0x000000dab5fff9e0:   0000000000000001 00000227eac85a20
0x000000dab5fff9f0:   00000227f479a310 00007ffdf7f5e773
0x000000dab5fffa00:   00000227f479a010 0000000000000000
0x000000dab5fffa10:   00000000000003d8 00000227eac85df8
0x000000dab5fffa20:   00000227eac858b0 0000000000000010
0x000000dab5fffa30:   000000dab65fefd0 0000000000000010
0x000000dab5fffa40:   0000000000000001 0000000000000005
0x000000dab5fffa50:   000000dab5fffbd0 00007ffdf839b17b
0x000000dab5fffa60:   00000227f479a310 0000000000000005
0x000000dab5fffa70:   00000227eac85df8 00000000000003d8
0x000000dab5fffa80:   000058d86d3397db 0000000000000001
0x000000dab5fffa90:   00000227eaccd7b8 00007ffdf7f32ea9
0x000000dab5fffaa0:   00000227eacfb670 000000dab65ff501
0x000000dab5fffab0:   0000000000000555 000079331f648c4b
0x000000dab5fffac0:   0000000000000000 00007ffdf83d47a3
0x000000dab5fffad0:   000000dab65ff198 00007ffdf83c051f 

Instructions: (pc=0x00007ffdf7f5d850)
0x00007ffdf7f5d750:   10 ff 12 48 8b c8 e8 e5 3f fd ff 48 85 c0 74 61
0x00007ffdf7f5d760:   33 db 38 58 5d 48 0f 45 d8 48 85 db 74 53 45 84
0x00007ffdf7f5d770:   e4 75 2d 48 8b 03 48 8b cb ff 90 98 00 00 00 84
0x00007ffdf7f5d780:   c0 74 1d 48 8b 03 48 8b cb ff 90 f0 01 00 00 84
0x00007ffdf7f5d790:   c0 75 0d 48 8b 43 78 48 8b 40 48 48 3b c3 74 21
0x00007ffdf7f5d7a0:   48 8b 06 48 8b ce ff 90 f0 01 00 00 84 c0 48 8b
0x00007ffdf7f5d7b0:   cf 0f 94 c2 e8 07 ef ff ff 84 c0 0f 84 29 01 00
0x00007ffdf7f5d7c0:   00 33 ff e9 ec fd ff ff 80 7c 24 20 00 0f 84 e0
0x00007ffdf7f5d7d0:   00 00 00 33 d2 8d 4a 20 e8 73 f3 4b 00 48 85 c0
0x00007ffdf7f5d7e0:   74 0f 48 8d 55 8f 48 8b c8 e8 b2 e1 ff ff 48 8b
0x00007ffdf7f5d7f0:   f8 48 8b cf e8 57 e9 ff ff 84 c0 0f 85 b0 00 00
0x00007ffdf7f5d800:   00 48 8b cf e8 d7 e9 ff ff 48 8b cf 84 c0 74 33
0x00007ffdf7f5d810:   e8 2b e2 ff ff 48 8b d8 80 78 18 00 48 8b 08 74
0x00007ffdf7f5d820:   0c 48 8b 49 08 48 8b 51 08 48 8b 4a 18 48 8b 89
0x00007ffdf7f5d830:   98 00 00 00 e8 f7 4a fc ff 84 c0 74 5f 48 8b 4b
0x00007ffdf7f5d840:   08 eb 49 e8 f8 e1 ff ff 48 8b d8 48 85 c0 74 5a
0x00007ffdf7f5d850:   48 8b 10 48 8b c8 ff 52 08 84 c0 74 12 48 8b 8b
0x00007ffdf7f5d860:   98 00 00 00 e8 c7 4a fc ff 84 c0 74 2f eb 3b 48
0x00007ffdf7f5d870:   8b 03 48 8b cb ff 50 10 84 c0 0f 84 e4 00 00 00
0x00007ffdf7f5d880:   48 8b 43 08 48 8b 48 08 48 8b 49 18 48 8b 89 98
0x00007ffdf7f5d890:   00 00 00 e8 98 4a fc ff 84 c0 75 0e b2 01 48 8b
0x00007ffdf7f5d8a0:   cf e8 ca ec ff ff 84 c0 74 40 48 8d 1d 77 17 7a
0x00007ffdf7f5d8b0:   00 33 ff 33 d2 8d 4a 20 e8 93 f2 4b 00 48 85 c0
0x00007ffdf7f5d8c0:   74 0e 48 8d 55 8f 48 8b c8 e8 d2 e0 ff ff eb 03
0x00007ffdf7f5d8d0:   48 8b c7 45 0f b6 c4 48 8b d6 48 8b c8 e8 0e fb
0x00007ffdf7f5d8e0:   ff ff 84 c0 0f 85 d1 fc ff ff 32 db eb 0b b8 ff
0x00007ffdf7f5d8f0:   ff ff ff b3 01 66 89 45 c7 48 8b 7c 24 28 48 83
0x00007ffdf7f5d900:   3f 00 74 15 48 8b 54 24 30 49 8b ce e8 2f 77 e6
0x00007ffdf7f5d910:   ff 48 8b cf e8 07 77 e6 ff 48 8b 44 24 38 49 39
0x00007ffdf7f5d920:   46 18 74 10 49 89 46 18 48 8b 45 87 49 89 46 20
0x00007ffdf7f5d930:   49 89 7e 10 0f b6 c3 48 8b 4d 27 48 33 cc e8 fd
0x00007ffdf7f5d940:   1e 6e 00 4c 8d 9c 24 f0 00 00 00 49 8b 5b 38 49 


Stack slot to memory mapping:

stack at sp + 0 slots: 0x00007ffdf86ff028 jvm.dll
stack at sp + 1 slots: 0x00000227f479a310 is at entry_point+-2064 in (nmethod*)0x00000227f479a310
Compiled method (c1) 11688240 18539   !   1       org.springframework.beans.AbstractNestablePropertyAccessor::getPropertyValue (688 bytes)
 total in heap  [0x00000227f479a310,0x00000227f47a1728] = 29720
 relocation     [0x00000227f479a470,0x00000227f479ab10] = 1696
 main code      [0x00000227f479ab20,0x00000227f479d5c8] = 10920
 stub code      [0x00000227f479d5c8,0x00000227f479da40] = 1144
 oops           [0x00000227f479da40,0x00000227f479da68] = 40
 metadata       [0x00000227f479da68,0x00000227f479dbe0] = 376
 scopes data    [0x00000227f479dbe0,0x00000227f479ef78] = 5016
 scopes pcs     [0x00000227f479ef78,0x00000227f479fb28] = 2992
 dependencies   [0x00000227f479fb28,0x00000227f479fb70] = 72
 handler table  [0x00000227f479fb70,0x00000227f47a1628] = 6840
 nul chk table  [0x00000227f47a1628,0x00000227f47a1728] = 256
stack at sp + 2 slots: 0x00000227f479a310 is at entry_point+-2064 in (nmethod*)0x00000227f479a310
Compiled method (c1) 11688240 18539   !   1       org.springframework.beans.AbstractNestablePropertyAccessor::getPropertyValue (688 bytes)
 total in heap  [0x00000227f479a310,0x00000227f47a1728] = 29720
 relocation     [0x00000227f479a470,0x00000227f479ab10] = 1696
 main code      [0x00000227f479ab20,0x00000227f479d5c8] = 10920
 stub code      [0x00000227f479d5c8,0x00000227f479da40] = 1144
 oops           [0x00000227f479da40,0x00000227f479da68] = 40
 metadata       [0x00000227f479da68,0x00000227f479dbe0] = 376
 scopes data    [0x00000227f479dbe0,0x00000227f479ef78] = 5016
 scopes pcs     [0x00000227f479ef78,0x00000227f479fb28] = 2992
 dependencies   [0x00000227f479fb28,0x00000227f479fb70] = 72
 handler table  [0x00000227f479fb70,0x00000227f47a1628] = 6840
 nul chk table  [0x00000227f47a1628,0x00000227f47a1728] = 256
stack at sp + 3 slots: 0x0 is null
stack at sp + 4 slots: 0x00000227eacc0001 points into unknown readable memory: 00 00 00 00 00 00 00
stack at sp + 5 slots: 0x00000227eac85a10 points into unknown readable memory: 0x0000000000000000 | 00 00 00 00 00 00 00 00
stack at sp + 6 slots: 0x00000000000003d8 is an unknown value
stack at sp + 7 slots: 0x00000227eac85a20 points into unknown readable memory: 0x00000227eac85a40 | 40 5a c8 ea 27 02 00 00


---------------  P R O C E S S  ---------------

Threads class SMR info:
_java_thread_list=0x00000227c8764e50, length=35, elements={
0x00000227fb53e520, 0x00000227fb540f90, 0x00000227fb541fe0, 0x00000227fb545e50,
0x00000227fb54e8c0, 0x00000227fb54f450, 0x00000227fb55eee0, 0x00000227fb50d180,
0x00000227c5225d90, 0x00000227c58dbd80, 0x00000227c58ea960, 0x00000227c58f24d0,
0x00000227c5c7a030, 0x00000227c6130260, 0x00000227c769cbf0, 0x00000227c76a0070,
0x00000227c86b93e0, 0x00000227c86b8030, 0x00000227c86bb4b0, 0x00000227c86bbb40,
0x00000227c769a490, 0x00000227c769b1b0, 0x00000227c769b840, 0x00000227c769bed0,
0x00000227c769d280, 0x00000227c769c560, 0x00000227c7699e00, 0x00000227c769f9e0,
0x00000227c76a0d90, 0x00000227c769ecc0, 0x00000227c769d910, 0x00000227c769e630,
0x00000227c76a1420, 0x00000227c769f350, 0x00000227c769dfa0
}

Java Threads: ( => current thread )
  0x00000227fb53e520 JavaThread "Reference Handler"          daemon [_thread_blocked, id=1076, stack(0x000000dab6600000,0x000000dab6700000) (1024K)]
  0x00000227fb540f90 JavaThread "Finalizer"                  daemon [_thread_blocked, id=11556, stack(0x000000dab6700000,0x000000dab6800000) (1024K)]
  0x00000227fb541fe0 JavaThread "Signal Dispatcher"          daemon [_thread_blocked, id=8876, stack(0x000000dab6800000,0x000000dab6900000) (1024K)]
  0x00000227fb545e50 JavaThread "Attach Listener"            daemon [_thread_blocked, id=15152, stack(0x000000dab6900000,0x000000dab6a00000) (1024K)]
  0x00000227fb54e8c0 JavaThread "Service Thread"             daemon [_thread_blocked, id=6824, stack(0x000000dab6a00000,0x000000dab6b00000) (1024K)]
  0x00000227fb54f450 JavaThread "Monitor Deflation Thread"   daemon [_thread_blocked, id=14564, stack(0x000000dab6b00000,0x000000dab6c00000) (1024K)]
  0x00000227fb55eee0 JavaThread "C1 CompilerThread0"         daemon [_thread_blocked, id=9568, stack(0x000000dab6c00000,0x000000dab6d00000) (1024K)]
  0x00000227fb50d180 JavaThread "Common-Cleaner"             daemon [_thread_blocked, id=9456, stack(0x000000dab6d00000,0x000000dab6e00000) (1024K)]
  0x00000227c5225d90 JavaThread "Notification Thread"        daemon [_thread_blocked, id=9396, stack(0x000000dab7100000,0x000000dab7200000) (1024K)]
  0x00000227c58dbd80 JavaThread "RMI TCP Accept-0"           daemon [_thread_in_native, id=4232, stack(0x000000dab7200000,0x000000dab7300000) (1024K)]
  0x00000227c58ea960 JavaThread "RMI TCP Accept-51405"       daemon [_thread_in_native, id=9072, stack(0x000000dab7300000,0x000000dab7400000) (1024K)]
  0x00000227c58f24d0 JavaThread "RMI TCP Accept-0"           daemon [_thread_in_native, id=8964, stack(0x000000dab7400000,0x000000dab7500000) (1024K)]
  0x00000227c5c7a030 JavaThread "RMI Scheduler(0)"           daemon [_thread_blocked, id=7560, stack(0x000000dab7f00000,0x000000dab8000000) (1024K)]
  0x00000227c6130260 JavaThread "mysql-cj-abandoned-connection-cleanup" daemon [_thread_blocked, id=5900, stack(0x000000dab8200000,0x000000dab8300000) (1024K)]
  0x00000227c769cbf0 JavaThread "Live Reload Server"         daemon [_thread_in_native, id=7100, stack(0x000000dab8c00000,0x000000dab8d00000) (1024K)]
  0x00000227c76a0070 JavaThread "DestroyJavaVM"                     [_thread_blocked, id=3168, stack(0x000000dab5e00000,0x000000dab5f00000) (1024K)]
  0x00000227c86b93e0 JavaThread "HikariPool-9 housekeeper"   daemon [_thread_blocked, id=6792, stack(0x000000dab6e00000,0x000000dab6f00000) (1024K)]
  0x00000227c86b8030 JavaThread "Catalina-utility-1"                [_thread_blocked, id=10736, stack(0x000000dab6f00000,0x000000dab7000000) (1024K)]
  0x00000227c86bb4b0 JavaThread "Catalina-utility-2"                [_thread_blocked, id=1276, stack(0x000000dab7000000,0x000000dab7100000) (1024K)]
  0x00000227c86bbb40 JavaThread "container-0"                       [_thread_blocked, id=10212, stack(0x000000dab7c00000,0x000000dab7d00000) (1024K)]
  0x00000227c769a490 JavaThread "File Watcher"               daemon [_thread_blocked, id=8940, stack(0x000000dab8600000,0x000000dab8700000) (1024K)]
  0x00000227c769b1b0 JavaThread "http-nio-8080-exec-1"       daemon [_thread_blocked, id=3976, stack(0x000000dab8700000,0x000000dab8800000) (1024K)]
  0x00000227c769b840 JavaThread "http-nio-8080-exec-2"       daemon [_thread_blocked, id=14724, stack(0x000000dab8800000,0x000000dab8900000) (1024K)]
  0x00000227c769bed0 JavaThread "http-nio-8080-exec-3"       daemon [_thread_blocked, id=11728, stack(0x000000dab8900000,0x000000dab8a00000) (1024K)]
  0x00000227c769d280 JavaThread "http-nio-8080-exec-4"       daemon [_thread_blocked, id=14720, stack(0x000000dab8a00000,0x000000dab8b00000) (1024K)]
  0x00000227c769c560 JavaThread "http-nio-8080-exec-5"       daemon [_thread_blocked, id=14424, stack(0x000000dab8b00000,0x000000dab8c00000) (1024K)]
  0x00000227c7699e00 JavaThread "http-nio-8080-exec-6"       daemon [_thread_blocked, id=10640, stack(0x000000dab8d00000,0x000000dab8e00000) (1024K)]
  0x00000227c769f9e0 JavaThread "http-nio-8080-exec-7"       daemon [_thread_blocked, id=12908, stack(0x000000dab8e00000,0x000000dab8f00000) (1024K)]
  0x00000227c76a0d90 JavaThread "http-nio-8080-exec-8"       daemon [_thread_blocked, id=8268, stack(0x000000dab8f00000,0x000000dab9000000) (1024K)]
  0x00000227c769ecc0 JavaThread "http-nio-8080-exec-9"       daemon [_thread_blocked, id=5456, stack(0x000000dab9000000,0x000000dab9100000) (1024K)]
  0x00000227c769d910 JavaThread "http-nio-8080-exec-10"      daemon [_thread_blocked, id=6720, stack(0x000000dab9100000,0x000000dab9200000) (1024K)]
  0x00000227c769e630 JavaThread "http-nio-8080-Poller"       daemon [_thread_in_native, id=7692, stack(0x000000dab9200000,0x000000dab9300000) (1024K)]
  0x00000227c76a1420 JavaThread "http-nio-8080-Acceptor"     daemon [_thread_in_native, id=1932, stack(0x000000dab9300000,0x000000dab9400000) (1024K)]
  0x00000227c769f350 JavaThread "RMI TCP Connection(idle)"   daemon [_thread_blocked, id=18184, stack(0x000000dab5b00000,0x000000dab5c00000) (1024K)]
  0x00000227c769dfa0 JavaThread "JMX server connection timeout 1020" daemon [_thread_blocked, id=15740, stack(0x000000dab5c00000,0x000000dab5d00000) (1024K)]
Total: 35

Other Threads:
  0x00000227fb520680 VMThread "VM Thread"                           [id=6548, stack(0x000000dab6500000,0x000000dab6600000) (1024K)]
  0x00000227fb50a560 WatcherThread "VM Periodic Task Thread"        [id=5604, stack(0x000000dab6400000,0x000000dab6500000) (1024K)]
=>0x00000227eacccef0 WorkerThread "GC Thread#0"                     [id=8512, stack(0x000000dab5f00000,0x000000dab6000000) (1024K)]
  0x00000227c59e4700 WorkerThread "GC Thread#1"                     [id=2320, stack(0x000000dab7500000,0x000000dab7600000) (1024K)]
  0x00000227c5bd4f90 WorkerThread "GC Thread#2"                     [id=4460, stack(0x000000dab7600000,0x000000dab7700000) (1024K)]
  0x00000227c5bd5740 WorkerThread "GC Thread#3"                     [id=9608, stack(0x000000dab7700000,0x000000dab7800000) (1024K)]
  0x00000227c5bd5ae0 WorkerThread "GC Thread#4"                     [id=9484, stack(0x000000dab7800000,0x000000dab7900000) (1024K)]
  0x00000227c5bd5e80 WorkerThread "GC Thread#5"                     [id=8564, stack(0x000000dab7900000,0x000000dab7a00000) (1024K)]
  0x00000227c5bd6220 WorkerThread "GC Thread#6"                     [id=5904, stack(0x000000dab7a00000,0x000000dab7b00000) (1024K)]
  0x00000227c5bd65c0 WorkerThread "GC Thread#7"                     [id=9148, stack(0x000000dab7b00000,0x000000dab7c00000) (1024K)]
  0x00000227eacdd560 ConcurrentGCThread "G1 Main Marker"            [id=9156, stack(0x000000dab6000000,0x000000dab6100000) (1024K)]
  0x00000227eacddf70 WorkerThread "G1 Conc#0"                       [id=12032, stack(0x000000dab6100000,0x000000dab6200000) (1024K)]
  0x00000227c62aaaa0 WorkerThread "G1 Conc#1"                       [id=4076, stack(0x000000dab8300000,0x000000dab8400000) (1024K)]
  0x00000227ead2ea90 ConcurrentGCThread "G1 Refine#0"               [id=1028, stack(0x000000dab6200000,0x000000dab6300000) (1024K)]
  0x00000227fb3da520 ConcurrentGCThread "G1 Service"                [id=1608, stack(0x000000dab6300000,0x000000dab6400000) (1024K)]
Total: 15

Threads with active compile tasks:
Total: 0

VM state: at safepoint (normal execution)

VM Mutex/Monitor currently owned by a thread:  ([mutex/lock_event])
[0x00007ffdf89a1a28] Threads_lock - owner thread: 0x00000227fb520680
[0x00007ffdf89a1b28] Heap_lock - owner thread: 0x00000227eacdd560

Heap address: 0x0000000084400000, size: 1980 MB, Compressed Oops mode: 32-bit

CDS archive(s) mapped at: [0x0000022780000000-0x0000022780c90000-0x0000022780c90000), size 13172736, SharedBaseAddress: 0x0000022780000000, ArchiveRelocationMode: 1.
Compressed class space mapped at: 0x0000022781000000-0x00000227c1000000, reserved size: 1073741824
Narrow klass base: 0x0000022780000000, Narrow klass shift: 0, Narrow klass range: 0x100000000

GC Precious Log:
 CardTable entry size: 512
 Card Set container configuration: InlinePtr #cards 5 size 8 Array Of Cards #cards 12 size 40 Howl #buckets 4 coarsen threshold 1843 Howl Bitmap #cards 512 size 80 coarsen threshold 460 Card regions per heap region 1 cards per card region 2048
 CPUs: 8 total, 8 available
 Memory: 7914M
 Large Page Support: Disabled
 NUMA Support: Disabled
 Compressed Oops: Enabled (32-bit)
 Heap Region Size: 1M
 Heap Min Capacity: 8M
 Heap Initial Capacity: 124M
 Heap Max Capacity: 1980M
 Pre-touch: Disabled
 Parallel Workers: 8
 Concurrent Workers: 2
 Concurrent Refinement Workers: 8
 Periodic GC: Disabled

Heap:
 garbage-first heap   total 154624K, used 48517K [0x0000000084400000, 0x0000000100000000)
  region size 1024K, 3 young (3072K), 2 survivors (2048K)
 Metaspace       used 74668K, committed 76224K, reserved 1179648K
  class space    used 9773K, committed 10496K, reserved 1048576K

Heap Regions: E=young(eden), S=young(survivor), O=old, HS=humongous(starts), HC=humongous(continues), CS=collection set, F=free, TAMS=top-at-mark-start, PB=parsable bottom
|   0|0x0000000084400000, 0x0000000084500000, 0x0000000084500000|100%| O|  |TAMS 0x0000000084500000| PB 0x0000000084400000| Untracked 
|   1|0x0000000084500000, 0x00000000845ffff0, 0x0000000084600000| 99%| O|  |TAMS 0x00000000845ffff0| PB 0x0000000084500000| Untracked 
|   2|0x0000000084600000, 0x0000000084700000, 0x0000000084700000|100%| O|  |TAMS 0x0000000084700000| PB 0x0000000084600000| Untracked 
|   3|0x0000000084700000, 0x0000000084800000, 0x0000000084800000|100%| O|  |TAMS 0x0000000084800000| PB 0x0000000084700000| Untracked 
|   4|0x0000000084800000, 0x00000000848fff90, 0x0000000084900000| 99%| O|  |TAMS 0x00000000848fff90| PB 0x0000000084800000| Untracked 
|   5|0x0000000084900000, 0x00000000849ffff8, 0x0000000084a00000| 99%| O|  |TAMS 0x00000000849ffff8| PB 0x0000000084900000| Untracked 
|   6|0x0000000084a00000, 0x0000000084afffe8, 0x0000000084b00000| 99%| O|  |TAMS 0x0000000084afffe8| PB 0x0000000084a00000| Untracked 
|   7|0x0000000084b00000, 0x0000000084bffff0, 0x0000000084c00000| 99%| O|  |TAMS 0x0000000084bffff0| PB 0x0000000084b00000| Untracked 
|   8|0x0000000084c00000, 0x0000000084cffff0, 0x0000000084d00000| 99%| O|  |TAMS 0x0000000084cffff0| PB 0x0000000084c00000| Untracked 
|   9|0x0000000084d00000, 0x0000000084dfb8d0, 0x0000000084e00000| 98%| O|  |TAMS 0x0000000084dfb8d0| PB 0x0000000084d00000| Untracked 
|  10|0x0000000084e00000, 0x0000000084efffd8, 0x0000000084f00000| 99%| O|  |TAMS 0x0000000084efffd8| PB 0x0000000084e00000| Untracked 
|  11|0x0000000084f00000, 0x0000000084ffffd0, 0x0000000085000000| 99%| O|  |TAMS 0x0000000084ffffd0| PB 0x0000000084f00000| Untracked 
|  12|0x0000000085000000, 0x00000000850ffff0, 0x0000000085100000| 99%| O|  |TAMS 0x00000000850ffff0| PB 0x0000000085000000| Untracked 
|  13|0x0000000085100000, 0x0000000085200000, 0x0000000085200000|100%| O|  |TAMS 0x0000000085200000| PB 0x0000000085100000| Untracked 
|  14|0x0000000085200000, 0x00000000852ffff8, 0x0000000085300000| 99%| O|  |TAMS 0x00000000852ffff8| PB 0x0000000085200000| Untracked 
|  15|0x0000000085300000, 0x00000000853fffc8, 0x0000000085400000| 99%| O|  |TAMS 0x00000000853fffc8| PB 0x0000000085300000| Untracked 
|  16|0x0000000085400000, 0x00000000854ffff0, 0x0000000085500000| 99%| O|  |TAMS 0x00000000854ffff0| PB 0x0000000085400000| Untracked 
|  17|0x0000000085500000, 0x00000000855ffff8, 0x0000000085600000| 99%| O|  |TAMS 0x00000000855ffff8| PB 0x0000000085500000| Untracked 
|  18|0x0000000085600000, 0x00000000856fffe8, 0x0000000085700000| 99%| O|  |TAMS 0x00000000856fffe8| PB 0x0000000085600000| Untracked 
|  19|0x0000000085700000, 0x00000000857ffff0, 0x0000000085800000| 99%| O|  |TAMS 0x00000000857ffff0| PB 0x0000000085700000| Untracked 
|  20|0x0000000085800000, 0x0000000085900000, 0x0000000085900000|100%| O|  |TAMS 0x0000000085900000| PB 0x0000000085800000| Untracked 
|  21|0x0000000085900000, 0x00000000859fd1b8, 0x0000000085a00000| 98%| O|  |TAMS 0x00000000859fd1b8| PB 0x0000000085900000| Untracked 
|  22|0x0000000085a00000, 0x0000000085affff8, 0x0000000085b00000| 99%| O|  |TAMS 0x0000000085affff8| PB 0x0000000085a00000| Untracked 
|  23|0x0000000085b00000, 0x0000000085bffff8, 0x0000000085c00000| 99%| O|  |TAMS 0x0000000085bffff8| PB 0x0000000085b00000| Untracked 
|  24|0x0000000085c00000, 0x0000000085cfffc8, 0x0000000085d00000| 99%| O|  |TAMS 0x0000000085cfffc8| PB 0x0000000085c00000| Untracked 
|  25|0x0000000085d00000, 0x0000000085dfffe8, 0x0000000085e00000| 99%| O|  |TAMS 0x0000000085dfffe8| PB 0x0000000085d00000| Untracked 
|  26|0x0000000085e00000, 0x0000000085efffe8, 0x0000000085f00000| 99%| O|  |TAMS 0x0000000085efffe8| PB 0x0000000085e00000| Untracked 
|  27|0x0000000085f00000, 0x0000000085fffff8, 0x0000000086000000| 99%| O|  |TAMS 0x0000000085fffff8| PB 0x0000000085f00000| Untracked 
|  28|0x0000000086000000, 0x0000000086100000, 0x0000000086100000|100%| O|  |TAMS 0x0000000086100000| PB 0x0000000086000000| Untracked 
|  29|0x0000000086100000, 0x00000000861fffd8, 0x0000000086200000| 99%| O|  |TAMS 0x00000000861fffd8| PB 0x0000000086100000| Untracked 
|  30|0x0000000086200000, 0x00000000862feff8, 0x0000000086300000| 99%| O|  |TAMS 0x00000000862feff8| PB 0x0000000086200000| Untracked 
|  31|0x0000000086300000, 0x00000000863ffff0, 0x0000000086400000| 99%| O|  |TAMS 0x00000000863ffff0| PB 0x0000000086300000| Untracked 
|  32|0x0000000086400000, 0x00000000864fffd0, 0x0000000086500000| 99%| O|  |TAMS 0x00000000864fffd0| PB 0x0000000086400000| Untracked 
|  33|0x0000000086500000, 0x00000000865ffff0, 0x0000000086600000| 99%| O|  |TAMS 0x00000000865ffff0| PB 0x0000000086500000| Untracked 
|  34|0x0000000086600000, 0x0000000086600000, 0x0000000086700000|  0%| F|  |TAMS 0x0000000086600000| PB 0x0000000086600000| Untracked 
|  35|0x0000000086700000, 0x00000000867f5028, 0x0000000086800000| 95%| O|  |TAMS 0x00000000867f5028| PB 0x0000000086700000| Untracked 
|  36|0x0000000086800000, 0x0000000086900000, 0x0000000086900000|100%| O|  |TAMS 0x0000000086900000| PB 0x0000000086800000| Untracked 
|  37|0x0000000086900000, 0x0000000086900000, 0x0000000086a00000|  0%| F|  |TAMS 0x0000000086900000| PB 0x0000000086900000| Untracked 
|  38|0x0000000086a00000, 0x0000000086b00000, 0x0000000086b00000|100%| O|  |TAMS 0x0000000086b00000| PB 0x0000000086a00000| Untracked 
|  39|0x0000000086b00000, 0x0000000086c00000, 0x0000000086c00000|100%| O|  |TAMS 0x0000000086c00000| PB 0x0000000086b00000| Untracked 
|  40|0x0000000086c00000, 0x0000000086d00000, 0x0000000086d00000|100%| O|  |TAMS 0x0000000086d00000| PB 0x0000000086c00000| Untracked 
|  41|0x0000000086d00000, 0x0000000086e00000, 0x0000000086e00000|100%| O|  |TAMS 0x0000000086e00000| PB 0x0000000086d00000| Untracked 
|  42|0x0000000086e00000, 0x0000000086f00000, 0x0000000086f00000|100%| O|  |TAMS 0x0000000086f00000| PB 0x0000000086e00000| Untracked 
|  43|0x0000000086f00000, 0x0000000087000000, 0x0000000087000000|100%| O|  |TAMS 0x0000000087000000| PB 0x0000000086f00000| Untracked 
|  44|0x0000000087000000, 0x0000000087100000, 0x0000000087100000|100%| O|  |TAMS 0x0000000087100000| PB 0x0000000087000000| Untracked 
|  45|0x0000000087100000, 0x0000000087200000, 0x0000000087200000|100%| O|  |TAMS 0x0000000087200000| PB 0x0000000087100000| Untracked 
|  46|0x0000000087200000, 0x0000000087300000, 0x0000000087300000|100%| O|  |TAMS 0x0000000087300000| PB 0x0000000087200000| Untracked 
|  47|0x0000000087300000, 0x0000000087400000, 0x0000000087400000|100%| O|  |TAMS 0x0000000087400000| PB 0x0000000087300000| Untracked 
|  48|0x0000000087400000, 0x000000008745fd68, 0x0000000087500000| 37%| O|  |TAMS 0x000000008745fd68| PB 0x0000000087400000| Untracked 
|  49|0x0000000087500000, 0x0000000087500000, 0x0000000087600000|  0%| F|  |TAMS 0x0000000087500000| PB 0x0000000087500000| Untracked 
|  50|0x0000000087600000, 0x0000000087600000, 0x0000000087700000|  0%| F|  |TAMS 0x0000000087600000| PB 0x0000000087600000| Untracked 
|  51|0x0000000087700000, 0x0000000087700000, 0x0000000087800000|  0%| F|  |TAMS 0x0000000087700000| PB 0x0000000087700000| Untracked 
|  52|0x0000000087800000, 0x0000000087800000, 0x0000000087900000|  0%| F|  |TAMS 0x0000000087800000| PB 0x0000000087800000| Untracked 
|  53|0x0000000087900000, 0x0000000087900000, 0x0000000087a00000|  0%| F|  |TAMS 0x0000000087900000| PB 0x0000000087900000| Untracked 
|  54|0x0000000087a00000, 0x0000000087a00000, 0x0000000087b00000|  0%| F|  |TAMS 0x0000000087a00000| PB 0x0000000087a00000| Untracked 
|  55|0x0000000087b00000, 0x0000000087b00000, 0x0000000087c00000|  0%| F|  |TAMS 0x0000000087b00000| PB 0x0000000087b00000| Untracked 
|  56|0x0000000087c00000, 0x0000000087c00000, 0x0000000087d00000|  0%| F|  |TAMS 0x0000000087c00000| PB 0x0000000087c00000| Untracked 
|  57|0x0000000087d00000, 0x0000000087d00000, 0x0000000087e00000|  0%| F|  |TAMS 0x0000000087d00000| PB 0x0000000087d00000| Untracked 
|  58|0x0000000087e00000, 0x0000000087e00000, 0x0000000087f00000|  0%| F|  |TAMS 0x0000000087e00000| PB 0x0000000087e00000| Untracked 
|  59|0x0000000087f00000, 0x0000000087f15060, 0x0000000088000000|  8%| S|CS|TAMS 0x0000000087f00000| PB 0x0000000087f00000| Complete 
|  60|0x0000000088000000, 0x0000000088100000, 0x0000000088100000|100%| S|CS|TAMS 0x0000000088000000| PB 0x0000000088000000| Complete 
|  61|0x0000000088100000, 0x0000000088100000, 0x0000000088200000|  0%| F|  |TAMS 0x0000000088100000| PB 0x0000000088100000| Untracked 
|  62|0x0000000088200000, 0x0000000088200000, 0x0000000088300000|  0%| F|  |TAMS 0x0000000088200000| PB 0x0000000088200000| Untracked 
|  63|0x0000000088300000, 0x0000000088300000, 0x0000000088400000|  0%| F|  |TAMS 0x0000000088300000| PB 0x0000000088300000| Untracked 
|  64|0x0000000088400000, 0x0000000088400000, 0x0000000088500000|  0%| F|  |TAMS 0x0000000088400000| PB 0x0000000088400000| Untracked 
|  65|0x0000000088500000, 0x0000000088500000, 0x0000000088600000|  0%| F|  |TAMS 0x0000000088500000| PB 0x0000000088500000| Untracked 
|  66|0x0000000088600000, 0x0000000088600000, 0x0000000088700000|  0%| F|  |TAMS 0x0000000088600000| PB 0x0000000088600000| Untracked 
|  67|0x0000000088700000, 0x0000000088700000, 0x0000000088800000|  0%| F|  |TAMS 0x0000000088700000| PB 0x0000000088700000| Untracked 
|  68|0x0000000088800000, 0x0000000088800000, 0x0000000088900000|  0%| F|  |TAMS 0x0000000088800000| PB 0x0000000088800000| Untracked 
|  69|0x0000000088900000, 0x0000000088900000, 0x0000000088a00000|  0%| F|  |TAMS 0x0000000088900000| PB 0x0000000088900000| Untracked 
|  70|0x0000000088a00000, 0x0000000088a00000, 0x0000000088b00000|  0%| F|  |TAMS 0x0000000088a00000| PB 0x0000000088a00000| Untracked 
|  71|0x0000000088b00000, 0x0000000088b00000, 0x0000000088c00000|  0%| F|  |TAMS 0x0000000088b00000| PB 0x0000000088b00000| Untracked 
|  72|0x0000000088c00000, 0x0000000088c00000, 0x0000000088d00000|  0%| F|  |TAMS 0x0000000088c00000| PB 0x0000000088c00000| Untracked 
|  73|0x0000000088d00000, 0x0000000088d00000, 0x0000000088e00000|  0%| F|  |TAMS 0x0000000088d00000| PB 0x0000000088d00000| Untracked 
|  74|0x0000000088e00000, 0x0000000088e00000, 0x0000000088f00000|  0%| F|  |TAMS 0x0000000088e00000| PB 0x0000000088e00000| Untracked 
|  75|0x0000000088f00000, 0x0000000088f00000, 0x0000000089000000|  0%| F|  |TAMS 0x0000000088f00000| PB 0x0000000088f00000| Untracked 
|  76|0x0000000089000000, 0x0000000089000000, 0x0000000089100000|  0%| F|  |TAMS 0x0000000089000000| PB 0x0000000089000000| Untracked 
|  77|0x0000000089100000, 0x0000000089100000, 0x0000000089200000|  0%| F|  |TAMS 0x0000000089100000| PB 0x0000000089100000| Untracked 
|  78|0x0000000089200000, 0x0000000089200000, 0x0000000089300000|  0%| F|  |TAMS 0x0000000089200000| PB 0x0000000089200000| Untracked 
|  79|0x0000000089300000, 0x0000000089300000, 0x0000000089400000|  0%| F|  |TAMS 0x0000000089300000| PB 0x0000000089300000| Untracked 
|  80|0x0000000089400000, 0x0000000089400000, 0x0000000089500000|  0%| F|  |TAMS 0x0000000089400000| PB 0x0000000089400000| Untracked 
|  81|0x0000000089500000, 0x0000000089500000, 0x0000000089600000|  0%| F|  |TAMS 0x0000000089500000| PB 0x0000000089500000| Untracked 
|  82|0x0000000089600000, 0x0000000089600000, 0x0000000089700000|  0%| F|  |TAMS 0x0000000089600000| PB 0x0000000089600000| Untracked 
|  83|0x0000000089700000, 0x0000000089700000, 0x0000000089800000|  0%| F|  |TAMS 0x0000000089700000| PB 0x0000000089700000| Untracked 
|  84|0x0000000089800000, 0x0000000089800000, 0x0000000089900000|  0%| F|  |TAMS 0x0000000089800000| PB 0x0000000089800000| Untracked 
|  85|0x0000000089900000, 0x0000000089900000, 0x0000000089a00000|  0%| F|  |TAMS 0x0000000089900000| PB 0x0000000089900000| Untracked 
|  86|0x0000000089a00000, 0x0000000089a00000, 0x0000000089b00000|  0%| F|  |TAMS 0x0000000089a00000| PB 0x0000000089a00000| Untracked 
|  87|0x0000000089b00000, 0x0000000089b00000, 0x0000000089c00000|  0%| F|  |TAMS 0x0000000089b00000| PB 0x0000000089b00000| Untracked 
|  88|0x0000000089c00000, 0x0000000089c00000, 0x0000000089d00000|  0%| F|  |TAMS 0x0000000089c00000| PB 0x0000000089c00000| Untracked 
|  89|0x0000000089d00000, 0x0000000089d00000, 0x0000000089e00000|  0%| F|  |TAMS 0x0000000089d00000| PB 0x0000000089d00000| Untracked 
|  90|0x0000000089e00000, 0x0000000089e00000, 0x0000000089f00000|  0%| F|  |TAMS 0x0000000089e00000| PB 0x0000000089e00000| Untracked 
|  91|0x0000000089f00000, 0x0000000089f00000, 0x000000008a000000|  0%| F|  |TAMS 0x0000000089f00000| PB 0x0000000089f00000| Untracked 
|  92|0x000000008a000000, 0x000000008a000000, 0x000000008a100000|  0%| F|  |TAMS 0x000000008a000000| PB 0x000000008a000000| Untracked 
|  93|0x000000008a100000, 0x000000008a100000, 0x000000008a200000|  0%| F|  |TAMS 0x000000008a100000| PB 0x000000008a100000| Untracked 
|  94|0x000000008a200000, 0x000000008a200000, 0x000000008a300000|  0%| F|  |TAMS 0x000000008a200000| PB 0x000000008a200000| Untracked 
|  95|0x000000008a300000, 0x000000008a300000, 0x000000008a400000|  0%| F|  |TAMS 0x000000008a300000| PB 0x000000008a300000| Untracked 
|  96|0x000000008a400000, 0x000000008a400000, 0x000000008a500000|  0%| F|  |TAMS 0x000000008a400000| PB 0x000000008a400000| Untracked 
|  97|0x000000008a500000, 0x000000008a500000, 0x000000008a600000|  0%| F|  |TAMS 0x000000008a500000| PB 0x000000008a500000| Untracked 
|  98|0x000000008a600000, 0x000000008a600000, 0x000000008a700000|  0%| F|  |TAMS 0x000000008a600000| PB 0x000000008a600000| Untracked 
|  99|0x000000008a700000, 0x000000008a700000, 0x000000008a800000|  0%| F|  |TAMS 0x000000008a700000| PB 0x000000008a700000| Untracked 
| 100|0x000000008a800000, 0x000000008a800000, 0x000000008a900000|  0%| F|  |TAMS 0x000000008a800000| PB 0x000000008a800000| Untracked 
| 101|0x000000008a900000, 0x000000008a900000, 0x000000008aa00000|  0%| F|  |TAMS 0x000000008a900000| PB 0x000000008a900000| Untracked 
| 102|0x000000008aa00000, 0x000000008aa00000, 0x000000008ab00000|  0%| F|  |TAMS 0x000000008aa00000| PB 0x000000008aa00000| Untracked 
| 103|0x000000008ab00000, 0x000000008ab00000, 0x000000008ac00000|  0%| F|  |TAMS 0x000000008ab00000| PB 0x000000008ab00000| Untracked 
| 104|0x000000008ac00000, 0x000000008ac00000, 0x000000008ad00000|  0%| F|  |TAMS 0x000000008ac00000| PB 0x000000008ac00000| Untracked 
| 105|0x000000008ad00000, 0x000000008ad00000, 0x000000008ae00000|  0%| F|  |TAMS 0x000000008ad00000| PB 0x000000008ad00000| Untracked 
| 106|0x000000008ae00000, 0x000000008ae00000, 0x000000008af00000|  0%| F|  |TAMS 0x000000008ae00000| PB 0x000000008ae00000| Untracked 
| 107|0x000000008af00000, 0x000000008af00000, 0x000000008b000000|  0%| F|  |TAMS 0x000000008af00000| PB 0x000000008af00000| Untracked 
| 108|0x000000008b000000, 0x000000008b000000, 0x000000008b100000|  0%| F|  |TAMS 0x000000008b000000| PB 0x000000008b000000| Untracked 
| 109|0x000000008b100000, 0x000000008b100000, 0x000000008b200000|  0%| F|  |TAMS 0x000000008b100000| PB 0x000000008b100000| Untracked 
| 110|0x000000008b200000, 0x000000008b200000, 0x000000008b300000|  0%| F|  |TAMS 0x000000008b200000| PB 0x000000008b200000| Untracked 
| 111|0x000000008b300000, 0x000000008b300000, 0x000000008b400000|  0%| F|  |TAMS 0x000000008b300000| PB 0x000000008b300000| Untracked 
| 112|0x000000008b400000, 0x000000008b400000, 0x000000008b500000|  0%| F|  |TAMS 0x000000008b400000| PB 0x000000008b400000| Untracked 
| 113|0x000000008b500000, 0x000000008b500000, 0x000000008b600000|  0%| F|  |TAMS 0x000000008b500000| PB 0x000000008b500000| Untracked 
| 114|0x000000008b600000, 0x000000008b600000, 0x000000008b700000|  0%| F|  |TAMS 0x000000008b600000| PB 0x000000008b600000| Untracked 
| 115|0x000000008b700000, 0x000000008b700000, 0x000000008b800000|  0%| F|  |TAMS 0x000000008b700000| PB 0x000000008b700000| Untracked 
| 116|0x000000008b800000, 0x000000008b800000, 0x000000008b900000|  0%| F|  |TAMS 0x000000008b800000| PB 0x000000008b800000| Untracked 
| 117|0x000000008b900000, 0x000000008b900000, 0x000000008ba00000|  0%| F|  |TAMS 0x000000008b900000| PB 0x000000008b900000| Untracked 
| 118|0x000000008ba00000, 0x000000008ba00000, 0x000000008bb00000|  0%| F|  |TAMS 0x000000008ba00000| PB 0x000000008ba00000| Untracked 
| 119|0x000000008bb00000, 0x000000008bb00000, 0x000000008bc00000|  0%| F|  |TAMS 0x000000008bb00000| PB 0x000000008bb00000| Untracked 
| 120|0x000000008bc00000, 0x000000008bc00000, 0x000000008bd00000|  0%| F|  |TAMS 0x000000008bc00000| PB 0x000000008bc00000| Untracked 
| 121|0x000000008bd00000, 0x000000008bd00000, 0x000000008be00000|  0%| F|  |TAMS 0x000000008bd00000| PB 0x000000008bd00000| Untracked 
| 122|0x000000008be00000, 0x000000008be00000, 0x000000008bf00000|  0%| F|  |TAMS 0x000000008be00000| PB 0x000000008be00000| Untracked 
| 123|0x000000008bf00000, 0x000000008bf00000, 0x000000008c000000|  0%| F|  |TAMS 0x000000008bf00000| PB 0x000000008bf00000| Untracked 
| 124|0x000000008c000000, 0x000000008c000000, 0x000000008c100000|  0%| F|  |TAMS 0x000000008c000000| PB 0x000000008c000000| Untracked 
| 125|0x000000008c100000, 0x000000008c100000, 0x000000008c200000|  0%| F|  |TAMS 0x000000008c100000| PB 0x000000008c100000| Untracked 
| 126|0x000000008c200000, 0x000000008c200000, 0x000000008c300000|  0%| F|  |TAMS 0x000000008c200000| PB 0x000000008c200000| Untracked 
| 127|0x000000008c300000, 0x000000008c300000, 0x000000008c400000|  0%| F|  |TAMS 0x000000008c300000| PB 0x000000008c300000| Untracked 
| 128|0x000000008c400000, 0x000000008c400000, 0x000000008c500000|  0%| F|  |TAMS 0x000000008c400000| PB 0x000000008c400000| Untracked 
| 129|0x000000008c500000, 0x000000008c500000, 0x000000008c600000|  0%| F|  |TAMS 0x000000008c500000| PB 0x000000008c500000| Untracked 
| 130|0x000000008c600000, 0x000000008c600000, 0x000000008c700000|  0%| F|  |TAMS 0x000000008c600000| PB 0x000000008c600000| Untracked 
| 131|0x000000008c700000, 0x000000008c700000, 0x000000008c800000|  0%| F|  |TAMS 0x000000008c700000| PB 0x000000008c700000| Untracked 
| 132|0x000000008c800000, 0x000000008c800000, 0x000000008c900000|  0%| F|  |TAMS 0x000000008c800000| PB 0x000000008c800000| Untracked 
| 133|0x000000008c900000, 0x000000008c900000, 0x000000008ca00000|  0%| F|  |TAMS 0x000000008c900000| PB 0x000000008c900000| Untracked 
| 134|0x000000008ca00000, 0x000000008ca00000, 0x000000008cb00000|  0%| F|  |TAMS 0x000000008ca00000| PB 0x000000008ca00000| Untracked 
| 135|0x000000008cb00000, 0x000000008cb00000, 0x000000008cc00000|  0%| F|  |TAMS 0x000000008cb00000| PB 0x000000008cb00000| Untracked 
| 136|0x000000008cc00000, 0x000000008cc00000, 0x000000008cd00000|  0%| F|  |TAMS 0x000000008cc00000| PB 0x000000008cc00000| Untracked 
| 137|0x000000008cd00000, 0x000000008cd00000, 0x000000008ce00000|  0%| F|  |TAMS 0x000000008cd00000| PB 0x000000008cd00000| Untracked 
| 138|0x000000008ce00000, 0x000000008ce00000, 0x000000008cf00000|  0%| F|  |TAMS 0x000000008ce00000| PB 0x000000008ce00000| Untracked 
| 139|0x000000008cf00000, 0x000000008cf00000, 0x000000008d000000|  0%| F|  |TAMS 0x000000008cf00000| PB 0x000000008cf00000| Untracked 
| 140|0x000000008d000000, 0x000000008d000000, 0x000000008d100000|  0%| F|  |TAMS 0x000000008d000000| PB 0x000000008d000000| Untracked 
| 141|0x000000008d100000, 0x000000008d100000, 0x000000008d200000|  0%| F|  |TAMS 0x000000008d100000| PB 0x000000008d100000| Untracked 
| 142|0x000000008d200000, 0x000000008d200000, 0x000000008d300000|  0%| F|  |TAMS 0x000000008d200000| PB 0x000000008d200000| Untracked 
| 143|0x000000008d300000, 0x000000008d300000, 0x000000008d400000|  0%| F|  |TAMS 0x000000008d300000| PB 0x000000008d300000| Untracked 
| 144|0x000000008d400000, 0x000000008d400000, 0x000000008d500000|  0%| F|  |TAMS 0x000000008d400000| PB 0x000000008d400000| Untracked 
| 145|0x000000008d500000, 0x000000008d500000, 0x000000008d600000|  0%| F|  |TAMS 0x000000008d500000| PB 0x000000008d500000| Untracked 
| 146|0x000000008d600000, 0x000000008d600000, 0x000000008d700000|  0%| F|  |TAMS 0x000000008d600000| PB 0x000000008d600000| Untracked 
| 147|0x000000008d700000, 0x000000008d700000, 0x000000008d800000|  0%| F|  |TAMS 0x000000008d700000| PB 0x000000008d700000| Untracked 
| 148|0x000000008d800000, 0x000000008d800000, 0x000000008d900000|  0%| F|  |TAMS 0x000000008d800000| PB 0x000000008d800000| Untracked 
| 149|0x000000008d900000, 0x000000008d900000, 0x000000008da00000|  0%| F|  |TAMS 0x000000008d900000| PB 0x000000008d900000| Untracked 
| 150|0x000000008da00000, 0x000000008da81050, 0x000000008db00000| 50%| E|  |TAMS 0x000000008da00000| PB 0x000000008da00000| Complete 

Card table byte_map: [0x00000227f6830000,0x00000227f6c10000] _byte_map_base: 0x00000227f640e000

Marking Bits: (CMBitMap*) 0x00000227eaccd500
 Bits: [0x00000227f6c10000, 0x00000227f8b00000)

Polling page: 0x00000227e8b60000

Metaspace:

Usage:
  Non-class:     63.37 MB used.
      Class:      9.54 MB used.
       Both:     72.92 MB used.

Virtual space:
  Non-class space:      128.00 MB reserved,      64.19 MB ( 50%) committed,  2 nodes.
      Class space:        1.00 GB reserved,      10.25 MB (  1%) committed,  1 nodes.
             Both:        1.12 GB reserved,      74.44 MB (  6%) committed. 

Chunk freelists:
   Non-Class:  15.76 MB
       Class:  5.79 MB
        Both:  21.55 MB

MaxMetaspaceSize: unlimited
CompressedClassSpaceSize: 1.00 GB
Initial GC threshold: 21.00 MB
Current GC threshold: 124.06 MB
CDS: on
 - commit_granule_bytes: 65536.
 - commit_granule_words: 8192.
 - virtual_space_node_default_size: 8388608.
 - enlarge_chunks_in_place: 1.
 - use_allocation_guard: 0.


Internal statistics:

num_allocs_failed_limit: 3.
num_arena_births: 9214.
num_arena_deaths: 6868.
num_vsnodes_births: 3.
num_vsnodes_deaths: 0.
num_space_committed: 1203.
num_space_uncommitted: 10.
num_chunks_returned_to_freelist: 9183.
num_chunks_taken_from_freelist: 15179.
num_chunk_merges: 2519.
num_chunk_splits: 7460.
num_chunks_enlarged: 3876.
num_inconsistent_stats: 0.

CodeCache: size=49152Kb used=27774Kb max_used=29141Kb free=21377Kb
 bounds [0x00000227f3330000, 0x00000227f5000000, 0x00000227f6330000]
 total_blobs=12845 nmethods=11861 adapters=907
 compilation: enabled
              stopped_count=0, restarted_count=0
 full_count=0

Compilation events (20 events):
Event: 11473.056 Thread 0x00000227fb55eee0 23835       1       java.net.URI::getHost (5 bytes)
Event: 11473.056 Thread 0x00000227fb55eee0 nmethod 23835 0x00000227f3f86690 code [0x00000227f3f86820, 0x00000227f3f868e8]
Event: 11473.060 Thread 0x00000227fb55eee0 23836       1       sun.security.jca.ProviderList$3::get (6 bytes)
Event: 11473.061 Thread 0x00000227fb55eee0 nmethod 23836 0x00000227f451c510 code [0x00000227f451c6c0, 0x00000227f451c7f0]
Event: 11473.061 Thread 0x00000227fb55eee0 23837       1       sun.security.jca.ProviderList$3::get (9 bytes)
Event: 11473.061 Thread 0x00000227fb55eee0 nmethod 23837 0x00000227f4653f10 code [0x00000227f46540c0, 0x00000227f46541f0]
Event: 11477.941 Thread 0x00000227fb55eee0 23838       1       sun.security.ssl.HandshakeContext::getActiveCipherSuites (208 bytes)
Event: 11477.945 Thread 0x00000227fb55eee0 nmethod 23838 0x00000227f4fc1190 code [0x00000227f4fc1420, 0x00000227f4fc1c00]
Event: 11477.945 Thread 0x00000227fb55eee0 23839       1       sun.security.ssl.SSLExtensions::send (84 bytes)
Event: 11477.947 Thread 0x00000227fb55eee0 nmethod 23839 0x00000227f4fc0610 code [0x00000227f4fc08a0, 0x00000227f4fc0dd0]
Event: 11483.575 Thread 0x00000227fb55eee0 23840       1       sun.nio.ch.NioSocketImpl::closerFor (18 bytes)
Event: 11483.576 Thread 0x00000227fb55eee0 nmethod 23840 0x00000227f4251690 code [0x00000227f4251860, 0x00000227f4251a20]
Event: 11483.576 Thread 0x00000227fb55eee0 23841       1       sun.nio.ch.NioSocketImpl$$Lambda/0x0000022781090d48::<init> (10 bytes)
Event: 11483.576 Thread 0x00000227fb55eee0 nmethod 23841 0x00000227f40c3310 code [0x00000227f40c34a0, 0x00000227f40c35b8]
Event: 11483.595 Thread 0x00000227fb55eee0 23842   !   1       com.mysql.cj.NativeSession::loadServerVariables (1043 bytes)
Event: 11483.603 Thread 0x00000227fb55eee0 nmethod 23842 0x00000227f4fb9310 code [0x00000227f4fb9be0, 0x00000227f4fbcf80]
Event: 11485.287 Thread 0x00000227fb55eee0 23843       1       com.zaxxer.hikari.HikariConfig::getUsername (5 bytes)
Event: 11485.288 Thread 0x00000227fb55eee0 nmethod 23843 0x00000227f40ca290 code [0x00000227f40ca420, 0x00000227f40ca4e8]
Event: 11485.288 Thread 0x00000227fb55eee0 23844       1       com.zaxxer.hikari.HikariConfig::getPassword (5 bytes)
Event: 11485.288 Thread 0x00000227fb55eee0 nmethod 23844 0x00000227f41b3790 code [0x00000227f41b3920, 0x00000227f41b39e8]

GC Heap History (20 events):
Event: 5165.592 GC heap before
{Heap before GC invocations=75 (full 7):
 garbage-first heap   total 119808K, used 100459K [0x0000000084400000, 0x0000000100000000)
  region size 1024K, 66 young (67584K), 6 survivors (6144K)
 Metaspace       used 73523K, committed 75392K, reserved 1114112K
  class space    used 9568K, committed 10368K, reserved 1048576K
}
Event: 5165.596 GC heap after
{Heap after GC invocations=76 (full 7):
 garbage-first heap   total 119808K, used 42636K [0x0000000084400000, 0x0000000100000000)
  region size 1024K, 4 young (4096K), 4 survivors (4096K)
 Metaspace       used 73523K, committed 75392K, reserved 1114112K
  class space    used 9568K, committed 10368K, reserved 1048576K
}
Event: 5176.867 GC heap before
{Heap before GC invocations=76 (full 7):
 garbage-first heap   total 119808K, used 101004K [0x0000000084400000, 0x0000000100000000)
  region size 1024K, 62 young (63488K), 4 survivors (4096K)
 Metaspace       used 73796K, committed 75392K, reserved 1114112K
  class space    used 9632K, committed 10368K, reserved 1048576K
}
Event: 5176.873 GC heap after
{Heap after GC invocations=77 (full 7):
 garbage-first heap   total 119808K, used 46881K [0x0000000084400000, 0x0000000100000000)
  region size 1024K, 7 young (7168K), 7 survivors (7168K)
 Metaspace       used 73796K, committed 75392K, reserved 1114112K
  class space    used 9632K, committed 10368K, reserved 1048576K
}
Event: 5257.890 GC heap before
{Heap before GC invocations=77 (full 7):
 garbage-first heap   total 119808K, used 78625K [0x0000000084400000, 0x0000000100000000)
  region size 1024K, 40 young (40960K), 7 survivors (7168K)
 Metaspace       used 74140K, committed 75648K, reserved 1114112K
  class space    used 9714K, committed 10432K, reserved 1048576K
}
Event: 5257.945 GC heap after
{Heap after GC invocations=78 (full 8):
 garbage-first heap   total 119808K, used 37829K [0x0000000084400000, 0x0000000100000000)
  region size 1024K, 0 young (0K), 0 survivors (0K)
 Metaspace       used 74053K, committed 75648K, reserved 1114112K
  class space    used 9695K, committed 10432K, reserved 1048576K
}
Event: 5258.267 GC heap before
{Heap before GC invocations=78 (full 8):
 garbage-first heap   total 119808K, used 100293K [0x0000000084400000, 0x0000000100000000)
  region size 1024K, 62 young (63488K), 0 survivors (0K)
 Metaspace       used 74554K, committed 76032K, reserved 1179648K
  class space    used 9752K, committed 10432K, reserved 1048576K
}
Event: 5258.273 GC heap after
{Heap after GC invocations=79 (full 8):
 garbage-first heap   total 119808K, used 42066K [0x0000000084400000, 0x0000000100000000)
  region size 1024K, 5 young (5120K), 5 survivors (5120K)
 Metaspace       used 74554K, committed 76032K, reserved 1179648K
  class space    used 9752K, committed 10432K, reserved 1048576K
}
Event: 5258.409 GC heap before
{Heap before GC invocations=80 (full 8):
 garbage-first heap   total 119808K, used 101458K [0x0000000084400000, 0x0000000100000000)
  region size 1024K, 64 young (65536K), 5 survivors (5120K)
 Metaspace       used 73911K, committed 75904K, reserved 1179648K
  class space    used 9594K, committed 10432K, reserved 1048576K
}
Event: 5258.413 GC heap after
{Heap after GC invocations=81 (full 8):
 garbage-first heap   total 154624K, used 44997K [0x0000000084400000, 0x0000000100000000)
  region size 1024K, 7 young (7168K), 7 survivors (7168K)
 Metaspace       used 73911K, committed 75904K, reserved 1179648K
  class space    used 9594K, committed 10432K, reserved 1048576K
}
Event: 5323.996 GC heap before
{Heap before GC invocations=81 (full 8):
 garbage-first heap   total 154624K, used 128965K [0x0000000084400000, 0x0000000100000000)
  region size 1024K, 90 young (92160K), 7 survivors (7168K)
 Metaspace       used 74544K, committed 76032K, reserved 1179648K
  class space    used 9745K, committed 10432K, reserved 1048576K
}
Event: 5324.004 GC heap after
{Heap after GC invocations=82 (full 8):
 garbage-first heap   total 154624K, used 48685K [0x0000000084400000, 0x0000000100000000)
  region size 1024K, 9 young (9216K), 9 survivors (9216K)
 Metaspace       used 74544K, committed 76032K, reserved 1179648K
  class space    used 9745K, committed 10432K, reserved 1048576K
}
Event: 5868.386 GC heap before
{Heap before GC invocations=82 (full 8):
 garbage-first heap   total 154624K, used 130605K [0x0000000084400000, 0x0000000100000000)
  region size 1024K, 89 young (91136K), 9 survivors (9216K)
 Metaspace       used 74691K, committed 76224K, reserved 1179648K
  class space    used 9776K, committed 10496K, reserved 1048576K
}
Event: 5868.397 GC heap after
{Heap after GC invocations=83 (full 8):
 garbage-first heap   total 154624K, used 49887K [0x0000000084400000, 0x0000000100000000)
  region size 1024K, 2 young (2048K), 2 survivors (2048K)
 Metaspace       used 74691K, committed 76224K, reserved 1179648K
  class space    used 9776K, committed 10496K, reserved 1048576K
}
Event: 10174.801 GC heap before
{Heap before GC invocations=84 (full 8):
 garbage-first heap   total 154624K, used 133855K [0x0000000084400000, 0x0000000100000000)
  region size 1024K, 84 young (86016K), 2 survivors (2048K)
 Metaspace       used 74661K, committed 76224K, reserved 1179648K
  class space    used 9771K, committed 10496K, reserved 1048576K
}
Event: 10174.808 GC heap after
{Heap after GC invocations=85 (full 8):
 garbage-first heap   total 154624K, used 49520K [0x0000000084400000, 0x0000000100000000)
  region size 1024K, 1 young (1024K), 1 survivors (1024K)
 Metaspace       used 74661K, committed 76224K, reserved 1179648K
  class space    used 9771K, committed 10496K, reserved 1048576K
}
Event: 10933.931 GC heap before
{Heap before GC invocations=85 (full 8):
 garbage-first heap   total 154624K, used 136560K [0x0000000084400000, 0x0000000100000000)
  region size 1024K, 86 young (88064K), 1 survivors (1024K)
 Metaspace       used 74661K, committed 76224K, reserved 1179648K
  class space    used 9771K, committed 10496K, reserved 1048576K
}
Event: 10933.939 GC heap after
{Heap after GC invocations=86 (full 8):
 garbage-first heap   total 154624K, used 48190K [0x0000000084400000, 0x0000000100000000)
  region size 1024K, 1 young (1024K), 1 survivors (1024K)
 Metaspace       used 74661K, committed 76224K, reserved 1179648K
  class space    used 9771K, committed 10496K, reserved 1048576K
}
Event: 11687.899 GC heap before
{Heap before GC invocations=86 (full 8):
 garbage-first heap   total 154624K, used 139326K [0x0000000084400000, 0x0000000100000000)
  region size 1024K, 90 young (92160K), 1 survivors (1024K)
 Metaspace       used 74668K, committed 76224K, reserved 1179648K
  class space    used 9773K, committed 10496K, reserved 1048576K
}
Event: 11687.932 GC heap after
{Heap after GC invocations=87 (full 8):
 garbage-first heap   total 154624K, used 48517K [0x0000000084400000, 0x0000000100000000)
  region size 1024K, 2 young (2048K), 2 survivors (2048K)
 Metaspace       used 74668K, committed 76224K, reserved 1179648K
  class space    used 9773K, committed 10496K, reserved 1048576K
}

Dll operation events (10 events):
Event: 0.007 Loaded shared library C:\pleiades\2023-09\java\21\bin\java.dll
Event: 0.094 Loaded shared library C:\pleiades\2023-09\java\21\bin\jimage.dll
Event: 0.098 Loaded shared library C:\pleiades\2023-09\java\21\bin\net.dll
Event: 0.100 Loaded shared library C:\pleiades\2023-09\java\21\bin\nio.dll
Event: 0.102 Loaded shared library C:\pleiades\2023-09\java\21\bin\zip.dll
Event: 0.141 Loaded shared library C:\pleiades\2023-09\java\21\bin\management.dll
Event: 0.162 Loaded shared library C:\pleiades\2023-09\java\21\bin\management_ext.dll
Event: 0.382 Loaded shared library C:\pleiades\2023-09\java\21\bin\extnet.dll
Event: 3.544 Loaded shared library C:\pleiades\2023-09\java\21\bin\sunmscapi.dll
Event: 15.033 Loaded shared library C:\pleiades\2023-09\java\21\bin\verify.dll

Deoptimization events (20 events):
Event: 250.908 Thread 0x00000227c769d910 DEOPT PACKING pc=0x00000227f42969bc sp=0x000000dab92f72a0
Event: 250.908 Thread 0x00000227c769d910 DEOPT UNPACKING pc=0x00000227f33888e2 sp=0x000000dab92f6678 mode 0
Event: 250.910 Thread 0x00000227c769d910 DEOPT PACKING pc=0x00000227f429216c sp=0x000000dab92f71e0
Event: 250.910 Thread 0x00000227c769d910 DEOPT UNPACKING pc=0x00000227f33888e2 sp=0x000000dab92f6600 mode 0
Event: 250.913 Thread 0x00000227c769d910 DEOPT PACKING pc=0x00000227f4226f24 sp=0x000000dab92f8540
Event: 250.913 Thread 0x00000227c769d910 DEOPT UNPACKING pc=0x00000227f33888e2 sp=0x000000dab92f79a0 mode 0
Event: 308.825 Thread 0x00000227c769d910 DEOPT PACKING pc=0x00000227f471e68c sp=0x000000dab92f8550
Event: 308.825 Thread 0x00000227c769d910 DEOPT UNPACKING pc=0x00000227f33888e2 sp=0x000000dab92f79c0 mode 0
Event: 335.055 Thread 0x00000227c769d910 DEOPT PACKING pc=0x00000227f474262c sp=0x000000dab92f7940
Event: 335.055 Thread 0x00000227c769d910 DEOPT UNPACKING pc=0x00000227f33888e2 sp=0x000000dab92f6de0 mode 0
Event: 368.506 Thread 0x00000227c769dfa0 DEOPT PACKING pc=0x00000227f42829c4 sp=0x000000dab8df6cb0
Event: 368.506 Thread 0x00000227c769dfa0 DEOPT UNPACKING pc=0x00000227f33888e2 sp=0x000000dab8df5dc8 mode 0
Event: 368.506 Thread 0x00000227c769dfa0 DEOPT PACKING pc=0x00000227f48b9e5c sp=0x000000dab8df7010
Event: 368.506 Thread 0x00000227c769dfa0 DEOPT UNPACKING pc=0x00000227f33888e2 sp=0x000000dab8df64b0 mode 0
Event: 470.032 Thread 0x00000227c8ab0b40 DEOPT PACKING pc=0x00000227f408e9e3 sp=0x000000dab5dfd3b0
Event: 470.032 Thread 0x00000227c8ab0b40 DEOPT UNPACKING pc=0x00000227f33888e2 sp=0x000000dab5dfc848 mode 3
Event: 2508.700 Thread 0x00000227fb50d180 DEOPT PACKING pc=0x00000227f3971c9c sp=0x000000dab6dfefe0
Event: 2508.700 Thread 0x00000227fb50d180 DEOPT UNPACKING pc=0x00000227f33888e2 sp=0x000000dab6dfe528 mode 0
Event: 2513.108 Thread 0x00000227c6130260 DEOPT PACKING pc=0x00000227f3971c9c sp=0x000000dab82ff150
Event: 2513.108 Thread 0x00000227c6130260 DEOPT UNPACKING pc=0x00000227f33888e2 sp=0x000000dab82fe698 mode 0

Classes loaded (20 events):
Event: 5261.441 Loading class java/util/Collections$UnmodifiableListBeanInfo
Event: 5261.441 Loading class java/util/Collections$UnmodifiableListBeanInfo done
Event: 5261.441 Loading class java/util/Collections$UnmodifiableListBeanInfo
Event: 5261.441 Loading class java/util/Collections$UnmodifiableListBeanInfo done
Event: 5261.441 Loading class java/util/Collections$UnmodifiableListCustomizer
Event: 5261.441 Loading class java/util/Collections$UnmodifiableListCustomizer done
Event: 5261.442 Loading class java/util/Collections$UnmodifiableListCustomizer
Event: 5261.442 Loading class java/util/Collections$UnmodifiableListCustomizer done
Event: 5261.442 Loading class java/util/Collections$UnmodifiableRandomAccessListCustomizer
Event: 5261.442 Loading class java/util/Collections$UnmodifiableRandomAccessListCustomizer done
Event: 5261.443 Loading class java/util/Collections$UnmodifiableRandomAccessListCustomizer
Event: 5261.443 Loading class java/util/Collections$UnmodifiableRandomAccessListCustomizer done
Event: 5261.459 Loading class java/lang/StringEditor
Event: 5261.459 Loading class java/lang/StringEditor done
Event: 5267.583 Loading class java/time/LocalDateEditor
Event: 5267.583 Loading class java/time/LocalDateEditor done
Event: 5267.583 Loading class java/lang/DoubleEditor
Event: 5267.583 Loading class java/lang/DoubleEditor done
Event: 9924.628 Loading class java/rmi/server/UnicastRemoteObject
Event: 9924.634 Loading class java/rmi/server/UnicastRemoteObject done

Classes unloaded (20 events):
Event: 11688.108 Thread 0x00000227fb520680 Unloading class 0x00000227817d5400 'java/lang/invoke/LambdaForm$MH+0x00000227817d5400'
Event: 11688.108 Thread 0x00000227fb520680 Unloading class 0x0000022781893800 'java/lang/invoke/LambdaForm$MH+0x0000022781893800'
Event: 11688.108 Thread 0x00000227fb520680 Unloading class 0x0000022781895800 'java/lang/invoke/LambdaForm$MH+0x0000022781895800'
Event: 11688.108 Thread 0x00000227fb520680 Unloading class 0x00000227818bb400 'java/lang/invoke/LambdaForm$MH+0x00000227818bb400'
Event: 11688.109 Thread 0x00000227fb520680 Unloading class 0x00000227818c7400 'java/lang/invoke/LambdaForm$MH+0x00000227818c7400'
Event: 11688.109 Thread 0x00000227fb520680 Unloading class 0x00000227818d2c00 'java/lang/invoke/LambdaForm$BMH+0x00000227818d2c00'
Event: 11688.109 Thread 0x00000227fb520680 Unloading class 0x00000227815ecc00 'java/lang/invoke/LambdaForm$MH+0x00000227815ecc00'
Event: 11688.109 Thread 0x00000227fb520680 Unloading class 0x0000022781734c00 'java/lang/invoke/LambdaForm$MH+0x0000022781734c00'
Event: 11688.109 Thread 0x00000227fb520680 Unloading class 0x000002278170c400 'java/lang/invoke/LambdaForm$MH+0x000002278170c400'
Event: 11688.109 Thread 0x00000227fb520680 Unloading class 0x00000227818ba000 'java/lang/invoke/LambdaForm$MH+0x00000227818ba000'
Event: 11688.109 Thread 0x00000227fb520680 Unloading class 0x0000022781692c00 'java/lang/invoke/LambdaForm$MH+0x0000022781692c00'
Event: 11688.110 Thread 0x00000227fb520680 Unloading class 0x00000227819eb400 'java/lang/invoke/LambdaForm$MH+0x00000227819eb400'
Event: 11688.110 Thread 0x00000227fb520680 Unloading class 0x00000227819ee000 'java/lang/invoke/LambdaForm$BMH+0x00000227819ee000'
Event: 11688.110 Thread 0x00000227fb520680 Unloading class 0x00000227816ec800 'java/lang/invoke/LambdaForm$MH+0x00000227816ec800'
Event: 11688.110 Thread 0x00000227fb520680 Unloading class 0x00000227819f9400 'java/lang/invoke/LambdaForm$MH+0x00000227819f9400'
Event: 11688.110 Thread 0x00000227fb520680 Unloading class 0x00000227814bc800 'jdk/internal/reflect/GeneratedSerializationConstructorAccessor211'
Event: 11688.110 Thread 0x00000227fb520680 Unloading class 0x0000022781965800 'java/lang/invoke/LambdaForm$MH+0x0000022781965800'
Event: 11688.110 Thread 0x00000227fb520680 Unloading class 0x0000022781875800 'java/lang/invoke/LambdaForm$MH+0x0000022781875800'
Event: 11688.110 Thread 0x00000227fb520680 Unloading class 0x0000022781a24800 'java/lang/invoke/LambdaForm$MH+0x0000022781a24800'
Event: 11688.110 Thread 0x00000227fb520680 Unloading class 0x0000022781498400 'java/lang/invoke/LambdaForm$MH+0x0000022781498400'

Classes redefined (0 events):
No events

Internal exceptions (20 events):
Event: 5261.442 Thread 0x00000227c769b1b0 Exception <a 'java/lang/ClassNotFoundException'{0x000000008982f258}: java/util/Collections$UnmodifiableListCustomizer> (0x000000008982f258) 
thrown [s\src\hotspot\share\classfile\systemDictionary.cpp, line 312]
Event: 5261.443 Thread 0x00000227c769b1b0 Exception <a 'java/lang/ClassNotFoundException'{0x00000000898719f0}: java/util/Collections$UnmodifiableRandomAccessListCustomizer> (0x00000000898719f0) 
thrown [s\src\hotspot\share\classfile\systemDictionary.cpp, line 312]
Event: 5261.445 Thread 0x00000227c769b1b0 Exception <a 'java/lang/ClassNotFoundException'{0x00000000898c0240}: org/thymeleaf/standard/expression/GenericTokenExpressionBeanInfo> (0x00000000898c0240) 
thrown [s\src\hotspot\share\classfile\systemDictionary.cpp, line 312]
Event: 5261.446 Thread 0x00000227c769b1b0 Exception <a 'java/lang/ClassNotFoundException'{0x00000000898ca860}: org/thymeleaf/standard/expression/TokenBeanInfo> (0x00000000898ca860) 
thrown [s\src\hotspot\share\classfile\systemDictionary.cpp, line 312]
Event: 5261.446 Thread 0x00000227c769b1b0 Exception <a 'java/lang/ClassNotFoundException'{0x00000000898d4e98}: org/thymeleaf/standard/expression/TokenCustomizer> (0x00000000898d4e98) 
thrown [s\src\hotspot\share\classfile\systemDictionary.cpp, line 312]
Event: 5261.447 Thread 0x00000227c769b1b0 Exception <a 'java/lang/ClassNotFoundException'{0x00000000898e4b10}: org/thymeleaf/standard/expression/GenericTokenExpressionCustomizer> (0x00000000898e4b10) 
thrown [s\src\hotspot\share\classfile\systemDictionary.cpp, line 312]
Event: 5261.452 Thread 0x00000227c769b1b0 Exception <a 'java/lang/ClassNotFoundException'{0x0000000089751fe8}: nz/net/ultraq/thymeleaf/layoutdialect/fragments/FragmentParameterVariableUpdaterBeanInfo> (0x0000000089751fe8) 
thrown [s\src\hotspot\share\classfile\systemDictionary.cpp, line 312]
Event: 5261.452 Thread 0x00000227c769b1b0 Exception <a 'java/lang/ClassNotFoundException'{0x000000008975d0a0}: nz/net/ultraq/thymeleaf/layoutdialect/fragments/FragmentParameterVariableUpdaterCustomizer> (0x000000008975d0a0) 
thrown [s\src\hotspot\share\classfile\systemDictionary.cpp, line 312]
Event: 5261.453 Thread 0x00000227c769b1b0 Exception <a 'java/lang/NoSuchMethodError'{0x0000000089774fc0}: 'void java.lang.invoke.DirectMethodHandle$Holder.invokeVirtual(java.lang.Object, java.lang.Object, java.lang.Object, java.lang.Object, java.lang.Object)'> (0x0000000089774fc0) 
thrown [s\src\hotspot\share\interpreter\linkResolver.cpp, line 773]
Event: 5261.456 Thread 0x00000227c769b1b0 Exception <a 'java/lang/ClassNotFoundException'{0x00000000897e2740}: org/thymeleaf/engine/ElementTagStructureHandlerBeanInfo> (0x00000000897e2740) 
thrown [s\src\hotspot\share\classfile\systemDictionary.cpp, line 312]
Event: 5261.457 Thread 0x00000227c769b1b0 Exception <a 'java/lang/ClassNotFoundException'{0x00000000897ec648}: org/thymeleaf/engine/ElementTagStructureHandlerCustomizer> (0x00000000897ec648) 
thrown [s\src\hotspot\share\classfile\systemDictionary.cpp, line 312]
Event: 5261.457 Thread 0x00000227c769b1b0 Exception <a 'java/lang/NoSuchMethodError'{0x0000000089601d10}: 'void java.lang.invoke.DirectMethodHandle$Holder.invokeInterface(java.lang.Object, java.lang.Object, java.lang.Object, int)'> (0x0000000089601d10) 
thrown [s\src\hotspot\share\interpreter\linkResolver.cpp, line 773]
Event: 5261.457 Thread 0x00000227c769b1b0 Exception <a 'java/lang/NoSuchMethodError'{0x0000000089605c50}: 'void java.lang.invoke.DelegatingMethodHandle$Holder.reinvoke_L(java.lang.Object, java.lang.Object, java.lang.Object, int)'> (0x0000000089605c50) 
thrown [s\src\hotspot\share\interpreter\linkResolver.cpp, line 773]
Event: 5261.457 Thread 0x00000227c769b1b0 Exception <a 'java/lang/NoSuchMethodError'{0x000000008960f8b8}: 'java.lang.Object java.lang.invoke.DelegatingMethodHandle$Holder.delegate(java.lang.Object, java.lang.Object, java.lang.Object, java.lang.Object, int)'> (0x000000008960f8b8) 
thrown [s\src\hotspot\share\interpreter\linkResolver.cpp, line 773]
Event: 5321.016 Thread 0x00000227c769ecc0 Exception <a 'java/lang/NoSuchMethodError'{0x00000000889db6b8}: 'java.lang.Object java.lang.invoke.DelegatingMethodHandle$Holder.delegate(java.lang.Object, int, java.lang.Object)'> (0x00000000889db6b8) 
thrown [s\src\hotspot\share\interpreter\linkResolver.cpp, line 773]
Event: 5401.398 Thread 0x00000227c5c799b0 Exception <a 'java/lang/NoSuchMethodError'{0x000000008c1bed90}: static [B.<clinit>()V> (0x000000008c1bed90) 
thrown [s\src\hotspot\share\prims\jni.cpp, line 1106]
Event: 9692.318 Thread 0x00000227c769dfa0 Exception <a 'java/io/IOException'{0x000000008c318880}> (0x000000008c318880) 
thrown [s\src\hotspot\share\prims\jni.cpp, line 520]
Event: 9925.381 Thread 0x00000227c5c799b0 Exception <a 'java/lang/NoSuchMethodError'{0x000000008a5634f8}: static [Ljava/lang/StackTraceElement;.<clinit>()V> (0x000000008a5634f8) 
thrown [s\src\hotspot\share\prims\jni.cpp, line 1106]
Event: 9925.436 Thread 0x00000227c769f350 Exception <a 'java/lang/NoSuchMethodError'{0x000000008a44df78}: static [Ljava/lang/Integer;.<clinit>()V> (0x000000008a44df78) 
thrown [s\src\hotspot\share\prims\jni.cpp, line 1106]
Event: 11461.459 Thread 0x00000227c86b86c0 Exception <a 'java/io/IOException'{0x0000000089e01c48}> (0x0000000089e01c48) 
thrown [s\src\hotspot\share\prims\jni.cpp, line 520]

ZGC Phase Switch (0 events):
No events

VM Operations (20 events):
Event: 9692.871 Executing VM operation: Cleanup done
Event: 9925.887 Executing VM operation: Cleanup
Event: 9925.887 Executing VM operation: Cleanup done
Event: 9984.036 Executing VM operation: HandshakeAllThreads (HandshakeForDeflation)
Event: 9984.036 Executing VM operation: HandshakeAllThreads (HandshakeForDeflation) done
Event: 9984.037 Executing VM operation: RendezvousGCThreads
Event: 9984.037 Executing VM operation: RendezvousGCThreads done
Event: 10001.195 Executing VM operation: Cleanup
Event: 10001.195 Executing VM operation: Cleanup done
Event: 10174.801 Executing VM operation: G1CollectForAllocation (G1 Evacuation Pause)
Event: 10174.808 Executing VM operation: G1CollectForAllocation (G1 Evacuation Pause) done
Event: 10226.242 Executing VM operation: Cleanup
Event: 10226.242 Executing VM operation: Cleanup done
Event: 10933.931 Executing VM operation: G1CollectForAllocation (G1 Evacuation Pause)
Event: 10933.940 Executing VM operation: G1CollectForAllocation (G1 Evacuation Pause) done
Event: 11471.504 Executing VM operation: Cleanup
Event: 11471.504 Executing VM operation: Cleanup done
Event: 11687.898 Executing VM operation: G1CollectForAllocation (G1 Evacuation Pause)
Event: 11687.933 Executing VM operation: G1CollectForAllocation (G1 Evacuation Pause) done
Event: 11688.084 Executing VM operation: G1PauseRemark

Events (20 events):
Event: 9697.620 Thread 0x00000227c7781830 Thread exited: 0x00000227c7781830
Event: 9697.652 Thread 0x00000227c769f350 Thread exited: 0x00000227c769f350
Event: 9924.627 Thread 0x00000227c769f350 Thread added: 0x00000227c769f350
Event: 9924.631 Thread 0x00000227c6132330 Thread exited: 0x00000227c6132330
Event: 9924.635 Thread 0x00000227c769f350 Thread exited: 0x00000227c769f350
Event: 9925.410 Thread 0x00000227c769f350 Thread added: 0x00000227c769f350
Event: 9925.417 Thread 0x00000227c769dfa0 Thread added: 0x00000227c769dfa0
Event: 10000.425 Thread 0x00000227c5c799b0 Thread exited: 0x00000227c5c799b0
Event: 11461.449 Thread 0x00000227c86b86c0 Thread added: 0x00000227c86b86c0
Event: 11461.450 Thread 0x00000227c86ba790 Thread added: 0x00000227c86ba790
Event: 11482.952 Thread 0x00000227c86b86c0 Thread exited: 0x00000227c86b86c0
Event: 11482.971 Thread 0x00000227c86ba790 Thread exited: 0x00000227c86ba790
Event: 11483.574 Thread 0x00000227c86b86c0 Thread added: 0x00000227c86b86c0
Event: 11483.574 Thread 0x00000227c86b8d50 Thread added: 0x00000227c86b8d50
Event: 11490.303 Thread 0x00000227c86b86c0 Thread exited: 0x00000227c86b86c0
Event: 11490.335 Thread 0x00000227c86b8d50 Thread exited: 0x00000227c86b8d50
Event: 11492.463 Thread 0x00000227c86b86c0 Thread added: 0x00000227c86b86c0
Event: 11492.463 Thread 0x00000227c86b8d50 Thread added: 0x00000227c86b8d50
Event: 11497.478 Thread 0x00000227c86b86c0 Thread exited: 0x00000227c86b86c0
Event: 11497.510 Thread 0x00000227c86b8d50 Thread exited: 0x00000227c86b8d50


Dynamic libraries:
0x00007ff6f40b0000 - 0x00007ff6f40be000 	C:\pleiades\2023-09\java\21\bin\javaw.exe
0x00007ffe423c0000 - 0x00007ffe42623000 	C:\WINDOWS\SYSTEM32\ntdll.dll
0x00007ffe41740000 - 0x00007ffe41808000 	C:\WINDOWS\System32\KERNEL32.DLL
0x00007ffe3f7b0000 - 0x00007ffe3fb61000 	C:\WINDOWS\System32\KERNELBASE.dll
0x00007ffe3fb70000 - 0x00007ffe3fcbb000 	C:\WINDOWS\System32\ucrtbase.dll
0x00007ffe32a70000 - 0x00007ffe32a88000 	C:\pleiades\2023-09\java\21\bin\jli.dll
0x00007ffe1db30000 - 0x00007ffe1db4b000 	C:\pleiades\2023-09\java\21\bin\VCRUNTIME140.dll
0x00007ffe410c0000 - 0x00007ffe41288000 	C:\WINDOWS\System32\USER32.dll
0x00007ffe227c0000 - 0x00007ffe22a50000 	C:\WINDOWS\WinSxS\amd64_microsoft.windows.common-controls_6595b64144ccf1df_6.0.26100.2161_none_3e0cadb0e33078e1\COMCTL32.dll
0x00007ffe3fe90000 - 0x00007ffe3feb7000 	C:\WINDOWS\System32\win32u.dll
0x00007ffe405c0000 - 0x00007ffe40669000 	C:\WINDOWS\System32\msvcrt.dll
0x00007ffe41530000 - 0x00007ffe4155a000 	C:\WINDOWS\System32\GDI32.dll
0x00007ffe3fcc0000 - 0x00007ffe3fde5000 	C:\WINDOWS\System32\gdi32full.dll
0x00007ffe3fec0000 - 0x00007ffe3ff63000 	C:\WINDOWS\System32\msvcp_win.dll
0x00007ffe40fa0000 - 0x00007ffe40fcf000 	C:\WINDOWS\System32\IMM32.DLL
0x00007ffe34e60000 - 0x00007ffe34e6c000 	C:\pleiades\2023-09\java\21\bin\vcruntime140_1.dll
0x00007ffe028a0000 - 0x00007ffe0292e000 	C:\pleiades\2023-09\java\21\bin\msvcp140.dll
0x00007ffdf7d00000 - 0x00007ffdf8a81000 	C:\pleiades\2023-09\java\21\bin\server\jvm.dll
0x00007ffe41bb0000 - 0x00007ffe41c64000 	C:\WINDOWS\System32\ADVAPI32.dll
0x00007ffe41810000 - 0x00007ffe418b6000 	C:\WINDOWS\System32\sechost.dll
0x00007ffe41a90000 - 0x00007ffe41ba6000 	C:\WINDOWS\System32\RPCRT4.dll
0x00007ffe40680000 - 0x00007ffe406f4000 	C:\WINDOWS\System32\WS2_32.dll
0x00007ffe3f640000 - 0x00007ffe3f68e000 	C:\WINDOWS\SYSTEM32\POWRPROF.dll
0x00007ffe34920000 - 0x00007ffe3492b000 	C:\WINDOWS\SYSTEM32\VERSION.dll
0x00007ffe2bdd0000 - 0x00007ffe2be06000 	C:\WINDOWS\SYSTEM32\WINMM.dll
0x00007ffe3f620000 - 0x00007ffe3f634000 	C:\WINDOWS\SYSTEM32\UMPDC.dll
0x00007ffe3e600000 - 0x00007ffe3e61a000 	C:\WINDOWS\SYSTEM32\kernel.appcore.dll
0x00007ffe34970000 - 0x00007ffe3497a000 	C:\pleiades\2023-09\java\21\bin\jimage.dll
0x00007ffe3d120000 - 0x00007ffe3d361000 	C:\WINDOWS\SYSTEM32\DBGHELP.DLL
0x00007ffe40c20000 - 0x00007ffe40f9d000 	C:\WINDOWS\System32\combase.dll
0x00007ffe41450000 - 0x00007ffe41526000 	C:\WINDOWS\System32\OLEAUT32.dll
0x00007ffe2d490000 - 0x00007ffe2d4c9000 	C:\WINDOWS\SYSTEM32\dbgcore.DLL
0x00007ffe3fdf0000 - 0x00007ffe3fe89000 	C:\WINDOWS\System32\bcryptPrimitives.dll
0x00007ffe1db10000 - 0x00007ffe1db2f000 	C:\pleiades\2023-09\java\21\bin\java.dll
0x00007ffe41c70000 - 0x00007ffe4236f000 	C:\WINDOWS\System32\SHELL32.dll
0x00007ffe3d500000 - 0x00007ffe3dd2d000 	C:\WINDOWS\SYSTEM32\windows.storage.dll
0x00007ffe40460000 - 0x00007ffe40533000 	C:\WINDOWS\System32\SHCORE.dll
0x00007ffe40230000 - 0x00007ffe4028d000 	C:\WINDOWS\System32\shlwapi.dll
0x00007ffe3f6c0000 - 0x00007ffe3f6ee000 	C:\WINDOWS\SYSTEM32\profapi.dll
0x00007ffe338f0000 - 0x00007ffe33900000 	C:\pleiades\2023-09\java\21\bin\net.dll
0x00007ffe357f0000 - 0x00007ffe35916000 	C:\WINDOWS\SYSTEM32\WINHTTP.dll
0x00007ffe3eb00000 - 0x00007ffe3eb68000 	C:\WINDOWS\system32\mswsock.dll
0x00007ffe09ae0000 - 0x00007ffe09af6000 	C:\pleiades\2023-09\java\21\bin\nio.dll
0x00007ffdffec0000 - 0x00007ffdffed8000 	C:\pleiades\2023-09\java\21\bin\zip.dll
0x00007ffe2d2a0000 - 0x00007ffe2d2aa000 	C:\pleiades\2023-09\java\21\bin\management.dll
0x00007ffe2cea0000 - 0x00007ffe2ceab000 	C:\pleiades\2023-09\java\21\bin\management_ext.dll
0x00007ffe40670000 - 0x00007ffe40678000 	C:\WINDOWS\System32\PSAPI.DLL
0x00007ffe22520000 - 0x00007ffe22538000 	C:\WINDOWS\system32\napinsp.dll
0x00007ffe3e070000 - 0x00007ffe3e195000 	C:\WINDOWS\SYSTEM32\DNSAPI.dll
0x00007ffe3e030000 - 0x00007ffe3e061000 	C:\WINDOWS\SYSTEM32\IPHLPAPI.DLL
0x00007ffe41560000 - 0x00007ffe4156a000 	C:\WINDOWS\System32\NSI.dll
0x00007ffe22500000 - 0x00007ffe22512000 	C:\WINDOWS\System32\winrnr.dll
0x00007ffe224d0000 - 0x00007ffe224f2000 	C:\WINDOWS\system32\nlansp_c.dll
0x00007ffe33620000 - 0x00007ffe33636000 	C:\WINDOWS\system32\wshbth.dll
0x00007ffe34e40000 - 0x00007ffe34e4b000 	C:\Windows\System32\rasadhlp.dll
0x00007ffe362d0000 - 0x00007ffe36356000 	C:\WINDOWS\System32\fwpuclnt.dll
0x00007ffe3eda0000 - 0x00007ffe3edbc000 	C:\WINDOWS\SYSTEM32\CRYPTSP.dll
0x00007ffe3e560000 - 0x00007ffe3e598000 	C:\WINDOWS\system32\rsaenh.dll
0x00007ffe3eba0000 - 0x00007ffe3ebcb000 	C:\WINDOWS\SYSTEM32\USERENV.dll
0x00007ffe3ef70000 - 0x00007ffe3ef96000 	C:\WINDOWS\SYSTEM32\bcrypt.dll
0x00007ffe3edc0000 - 0x00007ffe3edcc000 	C:\WINDOWS\SYSTEM32\CRYPTBASE.dll
0x00007ffe1db00000 - 0x00007ffe1db07000 	C:\pleiades\2023-09\java\21\bin\extnet.dll
0x00007ffe119c0000 - 0x00007ffe119ce000 	C:\pleiades\2023-09\java\21\bin\sunmscapi.dll
0x00007ffe400b0000 - 0x00007ffe40226000 	C:\WINDOWS\System32\CRYPT32.dll
0x00007ffe3ef30000 - 0x00007ffe3ef60000 	C:\WINDOWS\SYSTEM32\ncrypt.dll
0x00007ffe3eee0000 - 0x00007ffe3ef1f000 	C:\WINDOWS\SYSTEM32\NTASN1.dll
0x00007ffe15900000 - 0x00007ffe15908000 	C:\WINDOWS\system32\wshunix.dll
0x00007ffe0f8d0000 - 0x00007ffe0f8e0000 	C:\pleiades\2023-09\java\21\bin\verify.dll

dbghelp: loaded successfully - version: 4.0.5 - missing functions: none
symbol engine: initialized successfully - sym options: 0x614 - pdb path: .;C:\pleiades\2023-09\java\21\bin;C:\WINDOWS\SYSTEM32;C:\WINDOWS\WinSxS\amd64_microsoft.windows.common-controls_6595b64144ccf1df_6.0.26100.2161_none_3e0cadb0e33078e1;C:\pleiades\2023-09\java\21\bin\server

VM Arguments:
jvm_args: -Dcom.sun.management.jmxremote -Dcom.sun.management.jmxremote.port=51405 -Dcom.sun.management.jmxremote.authenticate=false -Dcom.sun.management.jmxremote.ssl=false -Djava.rmi.server.hostname=localhost -Dspring.jmx.enabled=true -Dmanagement.endpoints.jmx.exposure.include=* -Dspring.application.admin.enabled=true -XX:TieredStopAtLevel=1 -Dspring.boot.project.name=TrainingApplication -Dfile.encoding=UTF-8 -Dstdout.encoding=UTF-8 -Dstderr.encoding=UTF-8 -XX:+ShowCodeDetailsInExceptionMessages 
java_command: com.example.TrainingApplication --spring.output.ansi.enabled=always
java_class_path (initial): C:\pleiades\2023-09\workspace\TrainingApplication\target\classes;C:\Users\user\.m2\repository\org\springframework\boot\spring-boot-starter-data-jdbc\3.1.7\spring-boot-starter-data-jdbc-3.1.7.jar;C:\Users\user\.m2\repository\org\springframework\data\spring-data-jdbc\3.1.7\spring-data-jdbc-3.1.7.jar;C:\Users\user\.m2\repository\org\springframework\data\spring-data-relational\3.1.7\spring-data-relational-3.1.7.jar;C:\Users\user\.m2\repository\org\springframework\data\spring-data-commons\3.1.7\spring-data-commons-3.1.7.jar;C:\Users\user\.m2\repository\org\springframework\spring-tx\6.0.15\spring-tx-6.0.15.jar;C:\Users\user\.m2\repository\org\springframework\spring-context\6.0.15\spring-context-6.0.15.jar;C:\Users\user\.m2\repository\org\springframework\boot\spring-boot-starter-jdbc\3.1.7\spring-boot-starter-jdbc-3.1.7.jar;C:\Users\user\.m2\repository\org\springframework\boot\spring-boot-starter\3.1.7\spring-boot-starter-3.1.7.jar;C:\Users\user\.m2\repository\org\springframework\boot\spring-boot-starter-logging\3.1.7\spring-boot-starter-logging-3.1.7.jar;C:\Users\user\.m2\repository\ch\qos\logback\logback-classic\1.4.14\logback-classic-1.4.14.jar;C:\Users\user\.m2\repository\ch\qos\logback\logback-core\1.4.14\logback-core-1.4.14.jar;C:\Users\user\.m2\repository\org\apache\logging\log4j\log4j-to-slf4j\2.20.0\log4j-to-slf4j-2.20.0.jar;C:\Users\user\.m2\repository\org\apache\logging\log4j\log4j-api\2.20.0\log4j-api-2.20.0.jar;C:\Users\user\.m2\repository\org\slf4j\jul-to-slf4j\2.0.9\jul-to-slf4j-2.0.9.jar;C:\Users\user\.m2\repository\jakarta\annotation\jakarta.annotation-api\2.1.1\jakarta.annotation-api-2.1.1.jar;C:\Users\user\.m2\repository\org\yaml\snakeyaml\1.33\snakeyaml-1.33.jar;C:\Users\user\.m2\repository\com\zaxxer\HikariCP\5.0.1\HikariCP-5.0.1.jar;C:\Users\user\.m2\repository\org\springframework\spring-jdbc\6.0.15\spring-jdbc-6.0.15.jar;C:\Users\user\.m2\repository\org\springframework\boot\spring-boot-starter-thymeleaf\3.1.7\spring-boot-starter-thymeleaf-3.1.7.jar;C:\Users\user\.m2\repository\org\thymeleaf\thymeleaf-spring6\3.1.2.RELEASE\thymeleaf-spring6-3.1.2.RELEASE.jar;C:\Users\user\.m2\repository\org\springframework\boot\spring-boot-starter-web\3.1.7\spring-boot-starter-web-3.1.7.jar;C:\Users\user\.m2\repository\org\springframework\boot\spring-boot-starter-json\3.1.7\spring-boot-starter-json-3.1.7.jar;C:\Users\user\.m2\repository\com\fasterxml\jackson\datatype\jackson-datatype-jdk8\2.15.3\jackson-datatype-jdk8-2.15.3.jar;C:\Users\user\.m2\repository\com\fasterxml\jackson\datatype\jackson-datatype-jsr310\2.15.3\jackson-datatype-jsr310-2.15.3.jar;C:\Users\user\.m2\repository\com\fasterxml\jackson\module\jackson-module-parameter-names\2.15.3\jackson-module-parameter-names-2.15.3.jar;C:\Users\user\.m2\repository\org\springframework\boot\spring-boot-starter-tomcat\3.1.7\spring-boot-starter-tomcat-3.1.7.jar;C:\Users\user\.m2\repository\org\apache\tomcat\embed\tomcat-embed-core\10.1.17\tomcat-embed-core-10.1.17.jar;C:\Users\user\.m2\repository\org\apache\tomcat\embed\tomcat-embed-websocket\10.1.17\tomcat-embed-websocket-10.1.17.jar;C:\Users\user\.m2\repository\org\springframework\spring-web\6.0.15\spring-web-6.0.15.jar;C:\Users\user\.m2\repository\io\micrometer\micrometer-observation\1.11.7\micrometer-observation-1.11.7.jar;C:\Users\user\.m2\repository\io\micrometer\micrometer-commons\1.11.7\micrometer-commons-1.11.7.jar;C:\Users\user\.m2\repository\org\springframework\spring-webmvc\6.0.15\spring-webmvc-6.0.15.jar;C:\Users\user\.m2\repository\org\springframework\spring-expression\6.0.15\spring-expression-6.0.15.jar;C:\Users\user\.m2\repository\org\springframework\boot\spring-boot-devtools\3.1.7\spring-boot-devtools-3.1.7.jar;C:\Users\user\.m2\repository\org\springframework\boot\spring-boot\3.1.7\spring-boot-3.1.7.jar;C:\Users\user\.m2\repository\org\springframework\boot\spring-boot-autoconfigure\3.1.7\spring-boot-autoconfigure-3.1.7.jar;C:\Users\user\.m2\repository\com\h2database\h2\2.1.214\h2-2.1.214.jar;C:\Users\user\.m2\repository\org\projectlombok\lombok\1.18.30\lombok-1.18.30.jar;C:\Users\user\.m2\repository\org\springframework\spring-core\6.0.15\spring-core-6.0.15.jar;C:\Users\user\.m2\repository\org\springframework\spring-jcl\6.0.15\spring-jcl-6.0.15.jar;C:\Users\user\.m2\repository\org\webjars\jquery\3.7.1\jquery-3.7.1.jar;C:\Users\user\.m2\repository\org\webjars\bootstrap\5.3.3\bootstrap-5.3.3.jar;C:\Users\user\.m2\repository\org\webjars\webjars-locator\0.52\webjars-locator-0.52.jar;C:\Users\user\.m2\repository\org\webjars\webjars-locator-core\0.52\webjars-locator-core-0.52.jar;C:\Users\user\.m2\repository\io\github\classgraph\classgraph\4.8.147\classgraph-4.8.147.jar;C:\Users\user\.m2\repository\com\fasterxml\jackson\core\jackson-core\2.15.3\jackson-core-2.15.3.jar;C:\Users\user\.m2\repository\com\fasterxml\jackson\core\jackson-databind\2.15.3\jackson-databind-2.15.3.jar;C:\Users\user\.m2\repository\com\fasterxml\jackson\core\jackson-annotations\2.15.3\jackson-annotations-2.15.3.jar;C:\Users\user\.m2\repository\org\apache\commons\commons-text\1.11.0\commons-text-1.11.0.jar;C:\Users\user\.m2\repository\org\apache\commons\commons-lang3\3.12.0\commons-lang3-3.12.0.jar;C:\Users\user\.m2\repository\com\github\spullara\mustache\java\compiler\0.9.11\compiler-0.9.11.jar;C:\Users\user\.m2\repository\org\springframework\boot\spring-boot-starter-validation\3.1.7\spring-boot-starter-validation-3.1.7.jar;C:\Users\user\.m2\repository\org\apache\tomcat\embed\tomcat-embed-el\10.1.17\tomcat-embed-el-10.1.17.jar;C:\Users\user\.m2\repository\org\hibernate\validator\hibernate-validator\8.0.1.Final\hibernate-validator-8.0.1.Final.jar;C:\Users\user\.m2\repository\jakarta\validation\jakarta.validation-api\3.0.2\jakarta.validation-api-3.0.2.jar;C:\Users\user\.m2\repository\org\jboss\logging\jboss-logging\3.5.3.Final\jboss-logging-3.5.3.Final.jar;C:\Users\user\.m2\repository\com\fasterxml\classmate\1.5.1\classmate-1.5.1.jar;C:\Users\user\.m2\repository\nz\net\ultraq\thymeleaf\thymeleaf-layout-dialect\3.2.1\thymeleaf-layout-dialect-3.2.1.jar;C:\Users\user\.m2\repository\org\apache\groovy\groovy\4.0.16\groovy-4.0.16.jar;C:\Users\user\.m2\repository\nz\net\ultraq\groovy\groovy-extensions\2.1.0\groovy-extensions-2.1.0.jar;C:\Users\user\.m2\repository\nz\net\ultraq\thymeleaf\thymeleaf-expression-processor\3.1.1\thymeleaf-expression-processor-3.1.1.jar;C:\Users\user\.m2\repository\org\thymeleaf\thymeleaf\3.1.2.RELEASE\thymeleaf-3.1.2.RELEASE.jar;C:\Users\user\.m2\repository\ognl\ognl\3.3.4\ognl-3.3.4.jar;C:\Users\user\.m2\repository\org\javassist\javassist\3.29.0-GA\javassist-3.29.0-GA.jar;C:\Users\user\.m2\repository\org\attoparser\attoparser\2.0.7.RELEASE\attoparser-2.0.7.RELEASE.jar;C:\Users\user\.m2\repository\org\unbescape\unbescape\1.1.6.RELEASE\unbescape-1.1.6.RELEASE.jar;C:\Users\user\.m2\repository\org\slf4j\slf4j-api\2.0.9\slf4j-api-2.0.9.jar;C:\Users\user\.m2\repository\com\mysql\mysql-connector-j\8.0.33\mysql-connector-j-8.0.33.jar;C:\Users\user\.m2\repository\org\mybatis\spring\boot\mybatis-spring-boot-starter\3.0.3\mybatis-spring-boot-starter-3.0.3.jar;C:\Users\user\.m2\repository\org\mybatis\spring\boot\mybatis-spring-boot-autoconfigure\3.0.3\mybatis-spring-boot-autoconfigure-3.0.3.jar;C:\Users\user\.m2\repository\org\mybatis\mybatis\3.5.14\mybatis-3.5.14.jar;C:\Users\user\.m2\repository\org\mybatis\mybatis-spring\3.0.3\mybatis-spring-3.0.3.jar;C:\Users\user\.m2\repository\org\modelmapper\extensions\modelmapper-spring\3.1.1\modelmapper-spring-3.1.1.jar;C:\Users\user\.m2\repository\org\modelmapper\modelmapper\3.1.1\modelmapper-3.1.1.jar;C:\Users\user\.m2\repository\org\springframework\boot\spring-boot-starter-security\3.1.7\spring-boot-starter-security-3.1.7.jar;C:\Users\user\.m2\repository\org\springframework\security\spring-security-config\6.1.6\spring-security-config-6.1.6.jar;C:\Users\user\.m2\repository\org\springframework\security\spring-security-core\6.1.6\spring-security-core-6.1.6.jar;C:\Users\user\.m2\repository\org\springframework\security\spring-security-crypto\6.1.6\spring-security-crypto-6.1.6.jar;C:\Users\user\.m2\repository\org\springframework\security\spring-security-web\6.1.6\spring-security-web-6.1.6.jar;C:\Users\user\.m2\repository\org\thymeleaf\extras\thymeleaf-extras-springsecurity6\3.1.2.RELEASE\thymeleaf-extras-springsecurity6-3.1.2.RELEASE.jar;C:\Users\user\.m2\repository\org\springframework\spring-aop\6.0.15\spring-aop-6.0.15.jar;C:\Users\user\.m2\repository\org\springframework\spring-beans\6.0.15\spring-beans-6.0.15.jar;C:\Users\user\.m2\repository\org\aspectj\aspectjweaver\1.9.21\aspectjweaver-1.9.21.jar
Launcher Type: SUN_STANDARD

[Global flags]
     intx CICompilerCount                          = 4                                         {product} {ergonomic}
     uint ConcGCThreads                            = 2                                         {product} {ergonomic}
     uint G1ConcRefinementThreads                  = 8                                         {product} {ergonomic}
   size_t G1HeapRegionSize                         = 1048576                                   {product} {ergonomic}
    uintx GCDrainStackTargetSize                   = 64                                        {product} {ergonomic}
   size_t InitialHeapSize                          = 130023424                                 {product} {ergonomic}
     bool ManagementServer                         = true                                      {product} {command line}
   size_t MarkStackSize                            = 4194304                                   {product} {ergonomic}
   size_t MaxHeapSize                              = 2076180480                                {product} {ergonomic}
   size_t MaxNewSize                               = 1245708288                                {product} {ergonomic}
   size_t MinHeapDeltaBytes                        = 1048576                                   {product} {ergonomic}
   size_t MinHeapSize                              = 8388608                                   {product} {ergonomic}
    uintx NonNMethodCodeHeapSize                   = 4096                                   {pd product} {ergonomic}
    uintx NonProfiledCodeHeapSize                  = 0                                      {pd product} {ergonomic}
     bool ProfileInterpreter                       = false                                  {pd product} {command line}
    uintx ProfiledCodeHeapSize                     = 0                                      {pd product} {ergonomic}
     bool ShowCodeDetailsInExceptionMessages       = true                                   {manageable} {command line}
   size_t SoftMaxHeapSize                          = 2076180480                             {manageable} {ergonomic}
     intx TieredStopAtLevel                        = 1                                         {product} {command line}
     bool UseCompressedOops                        = true                           {product lp64_product} {ergonomic}
     bool UseG1GC                                  = true                                      {product} {ergonomic}
     bool UseLargePagesIndividualAllocation        = false                                  {pd product} {ergonomic}

Logging:
Log output configuration:
 #0: stdout all=warning uptime,level,tags foldmultilines=false
 #1: stderr all=off uptime,level,tags foldmultilines=false

Environment Variables:
PATH=C:/pleiades/2023-09/java/17/bin/server;C:/pleiades/2023-09/java/17/bin;C:\WINDOWS\system32;C:\WINDOWS;C:\WINDOWS\System32\Wbem;C:\WINDOWS\System32\WindowsPowerShell\v1.0\;C:\WINDOWS\System32\OpenSSH\;C:\pleiades\2023-09\java\17\bin;C:\Program Files\Git\cmd;C:\Program Files\MySQL\MySQL Server 8.2\bin;C:\Users\user\AppData\Local\Microsoft\WindowsApps;C:\Users\user\AppData\Local\Programs\Microsoft VS Code\bin;;C:\pleiades\2023-09\eclipse;
USERNAME=user
OS=Windows_NT
PROCESSOR_IDENTIFIER=Intel64 Family 6 Model 140 Stepping 1, GenuineIntel
TMP=C:\Users\user\AppData\Local\Temp
TEMP=C:\Users\user\AppData\Local\Temp




Periodic native trim disabled

---------------  S Y S T E M  ---------------

OS:
 Windows 11 , 64 bit Build 26100 (10.0.26100.2161)
OS uptime: 1 days 0:11 hours

CPU: total 8 (initial active 8) (4 cores per cpu, 2 threads per core) family 6 model 140 stepping 1 microcode 0xb8, cx8, cmov, fxsr, ht, mmx, 3dnowpref, sse, sse2, sse3, ssse3, sse4.1, sse4.2, popcnt, lzcnt, tsc, tscinvbit, avx, avx2, aes, erms, clmul, bmi1, bmi2, adx, avx512f, avx512dq, avx512cd, avx512bw, avx512vl, sha, fma, vzeroupper, avx512_vpopcntdq, avx512_vpclmulqdq, avx512_vaes, avx512_vnni, clflush, clflushopt, clwb, avx512_vbmi2, avx512_vbmi, rdtscp, rdpid, fsrm, gfni, avx512_bitalg, f16c, pku, cet_ibt, cet_ss, avx512_ifma
Processor Information for all 8 processors :
  Max Mhz: 2419, Current Mhz: 2419, Mhz Limit: 2419

Memory: 4k page, system-wide physical 7914M (896M free)
TotalPageFile size 14570M (AvailPageFile size 2104M)
current process WorkingSet (physical memory assigned to process): 261M, peak: 352M
current process commit charge ("private bytes"): 388M, peak: 411M

vm_info: OpenJDK 64-Bit Server VM (21.0.1+12-LTS) for windows-amd64 JRE (21.0.1+12-LTS), built on 2023-10-17T00:00:00Z by "admin" with unknown MS VC++:1937

END.
